2022.07.14 12:08:10 INFO  tracing is disabled for protocol LSP, to enable tracing of incoming and outgoing JSON messages create an empty file at c:\Users\juanj\Desktop\democracy\.metals\lsp.trace.json or C:\Users\juanj\AppData\Local\scalameta\metals\cache\lsp.trace.json
2022.07.14 12:08:11 INFO  logging to file C:\Users\juanj\Desktop\democracy\.metals\metals.log
2022.07.14 12:08:11 INFO  Started: Metals version 0.11.7 in workspace 'C:\Users\juanj\Desktop\democracy' for client Visual Studio Code 1.69.1.
2022.07.14 12:08:12 INFO  time: initialize in 0.76s
2022.07.14 12:08:12 WARN  Flyway upgrade recommended: H2 2.1.214 is newer than this version of Flyway and support has not been tested. The latest supported version of H2 is 2.1.210.
2022.07.14 12:08:12 WARN  Build server is not auto-connectable.
2022.07.14 12:09:09 WARN  no build target for: C:\Users\juanj\Desktop\democracy\assignment.sbt
2022.07.14 12:09:12 INFO  no build target found for C:\Users\juanj\Desktop\democracy\assignment.sbt. Using presentation compiler with project's scala-library version: 3.1.3
2022.07.14 12:09:12 WARN  no build target for: C:\Users\juanj\Desktop\democracy\src\main\scala\democracy\MajorityJudgement.scala
2022.07.14 12:09:14 INFO  time: code lens generation in 4.01s
2022.07.14 12:09:14 INFO  time: code lens generation in 1.34s
2022.07.14 12:09:14 INFO  time: code lens generation in 1.68s
2022.07.14 12:09:41 WARN  no build target for: C:\Users\juanj\Desktop\democracy\src\test\scala\democracy\MajorityJudgementSuite.scala
2022.07.14 12:10:15 WARN  no build target for: C:\Users\juanj\Desktop\democracy\src\main\scala\democracy\MajorityJudgement.scala
2022.07.14 12:10:51 WARN  no build target for: C:\Users\juanj\Desktop\democracy\src\main\scala\democracy\MajorityJudgement.scala
2022.07.14 12:10:53 WARN  no build target for: C:\Users\juanj\Desktop\democracy\src\main\scala\democracy\MajorityJudgement.scala
2022.07.14 12:10:53 INFO  no build target found for C:\Users\juanj\Desktop\democracy\src\main\scala\democracy\test.worksheet.sc. Using presentation compiler with project's scala-library version: 3.1.3
2022.07.14 12:10:54 INFO  time: evaluated worksheet 'test.worksheet.sc' in 4.62s
2022.07.14 12:10:56 WARN  no build target for: C:\Users\juanj\Desktop\democracy\src\main\scala\democracy\MajorityJudgement.scala
2022.07.14 12:11:01 INFO  time: evaluated worksheet 'test.worksheet.sc' in 0.99s
[31merror[39m: src\main\scala\democracy\test.worksheet.sc:6:3: 
Not found: bad
  bad.ordinal()
  ^^^
2022.07.14 12:11:07 INFO  time: evaluated worksheet 'test.worksheet.sc' in 0.22s
[31merror[39m: src\main\scala\democracy\test.worksheet.sc:6:3: 
method ordinal in trait Enum does not take parameters
  Grade.Bad.ordinal()
  ^^^^^^^^^^^^^^^^^
2022.07.14 12:11:18 INFO  time: evaluated worksheet 'test.worksheet.sc' in 0.32s
2022.07.14 12:11:25 INFO  time: evaluated worksheet 'test.worksheet.sc' in 0.41s
2022.07.14 12:11:26 INFO  time: evaluated worksheet 'test.worksheet.sc' in 0.41s
2022.07.14 12:11:28 INFO  time: evaluated worksheet 'test.worksheet.sc' in 0.33s
2022.07.14 12:11:32 INFO  time: evaluated worksheet 'test.worksheet.sc' in 0.4s
2022.07.14 12:11:33 INFO  time: evaluated worksheet 'test.worksheet.sc' in 0.33s
2022.07.14 12:11:46 INFO  time: evaluated worksheet 'test.worksheet.sc' in 0.32s
[31merror[39m: src\main\scala\democracy\test.worksheet.sc:5:1: 
value rawValue is not a member of App.this.Grade
Grade.Bad.rawValue
^^^^^^^^^^^^^^^^^^
2022.07.14 12:12:06 INFO  time: evaluated worksheet 'test.worksheet.sc' in 0.27s
2022.07.14 12:12:12 INFO  time: evaluated worksheet 'test.worksheet.sc' in 0.63s
2022.07.14 12:12:16 INFO  time: evaluated worksheet 'test.worksheet.sc' in 0.43s
2022.07.14 12:12:18 INFO  time: evaluated worksheet 'test.worksheet.sc' in 0.39s
2022.07.14 12:12:31 INFO  time: evaluated worksheet 'test.worksheet.sc' in 0.5s
2022.07.14 12:13:40 INFO  time: evaluated worksheet 'test.worksheet.sc' in 0.58s
[31merror[39m: src\main\scala\democracy\test.worksheet.sc:22:9: 
Found:    Unit
Required: App.this.Grade
        print(mid)
        ^^^^^^^^^^
[31merror[39m: src\main\scala\democracy\test.worksheet.sc:24:9: 
Found:    Unit
Required: App.this.Grade
        print("odd")
        ^^^^^^^^^^^^
2022.07.14 12:19:51 INFO  time: evaluated worksheet 'test.worksheet.sc' in 0.31s
[31merror[39m: src\main\scala\democracy\test.worksheet.sc:22:9: 
Found:    Unit
Required: App.this.Grade
        print(mid)
        ^^^^^^^^^^
[31merror[39m: src\main\scala\democracy\test.worksheet.sc:24:9: 
Found:    Unit
Required: App.this.Grade
        print(Grade.Bad)
        ^^^^^^^^^^^^^^^^
2022.07.14 12:20:02 INFO  time: evaluated worksheet 'test.worksheet.sc' in 0.2s
jul. 14, 2022 12:21:12 P. M. org.eclipse.lsp4j.jsonrpc.RemoteEndpoint handleNotification
ADVERTENCIA: Notification threw an exception: {
  "jsonrpc": "2.0",
  "method": "metals/didFocusTextDocument",
  "params": [
    "copilot:GitHub%20Copilot?%5B%22file%3A%2F%2F%2Fc%3A%2FUsers%2Fjuanj%2FDesktop%2Fdemocracy%2Fsrc%2Fmain%2Fscala%2Fdemocracy%2Ftest.worksheet.sc%22%2C%7B%22prependToCompletion%22%3A%22%22%2C%22appendToCompletion%22%3A%22%22%2C%22indentation%22%3Anull%2C%22completionType%22%3A2%2C%22insertPosition%22%3A%7B%22line%22%3A21%2C%22character%22%3A0%7D%7D%2C%22%22%5D#0"
  ]
}
java.lang.RuntimeException: java.lang.reflect.InvocationTargetException
	at org.eclipse.lsp4j.jsonrpc.services.GenericEndpoint.lambda$null$0(GenericEndpoint.java:67)
	at org.eclipse.lsp4j.jsonrpc.services.GenericEndpoint.notify(GenericEndpoint.java:152)
	at org.eclipse.lsp4j.jsonrpc.RemoteEndpoint.handleNotification(RemoteEndpoint.java:220)
	at org.eclipse.lsp4j.jsonrpc.RemoteEndpoint.consume(RemoteEndpoint.java:187)
	at org.eclipse.lsp4j.jsonrpc.json.StreamMessageProducer.handleMessage(StreamMessageProducer.java:194)
	at org.eclipse.lsp4j.jsonrpc.json.StreamMessageProducer.listen(StreamMessageProducer.java:94)
	at org.eclipse.lsp4j.jsonrpc.json.ConcurrentMessageProcessor.run(ConcurrentMessageProcessor.java:113)
	at java.base/java.util.concurrent.Executors$RunnableAdapter.call(Executors.java:539)
	at java.base/java.util.concurrent.FutureTask.run(FutureTask.java:264)
	at java.base/java.util.concurrent.ThreadPoolExecutor.runWorker(ThreadPoolExecutor.java:1136)
	at java.base/java.util.concurrent.ThreadPoolExecutor$Worker.run(ThreadPoolExecutor.java:635)
	at java.base/java.lang.Thread.run(Thread.java:833)
Caused by: java.lang.reflect.InvocationTargetException
	at java.base/jdk.internal.reflect.NativeMethodAccessorImpl.invoke0(Native Method)
	at java.base/jdk.internal.reflect.NativeMethodAccessorImpl.invoke(NativeMethodAccessorImpl.java:77)
	at java.base/jdk.internal.reflect.DelegatingMethodAccessorImpl.invoke(DelegatingMethodAccessorImpl.java:43)
	at java.base/java.lang.reflect.Method.invoke(Method.java:568)
	at org.eclipse.lsp4j.jsonrpc.services.GenericEndpoint.lambda$null$0(GenericEndpoint.java:65)
	... 11 more
Caused by: java.nio.file.FileSystemNotFoundException: Provider "copilot" not installed
	at java.base/java.nio.file.Path.of(Path.java:212)
	at java.base/java.nio.file.Paths.get(Paths.java:98)
	at scala.meta.internal.mtags.MtagsEnrichments$XtensionURIMtags.toAbsolutePath(MtagsEnrichments.scala:115)
	at scala.meta.internal.mtags.MtagsEnrichments$XtensionStringMtags.toAbsolutePath(MtagsEnrichments.scala:141)
	at scala.meta.internal.metals.MetalsEnrichments$XtensionString.toAbsolutePath(MetalsEnrichments.scala:622)
	at scala.meta.internal.metals.MetalsEnrichments$XtensionString.toAbsolutePath(MetalsEnrichments.scala:619)
	at scala.meta.internal.metals.MetalsLanguageServer.didFocus(MetalsLanguageServer.scala:1132)
	... 16 more

jul. 14, 2022 12:21:12 P. M. org.eclipse.lsp4j.jsonrpc.RemoteEndpoint handleCancellation
ADVERTENCIA: Unmatched cancel notification for request id 881
[31merror[39m: src\main\scala\democracy\test.worksheet.sc:24:10: } expected but end of file found
end Grade
         ^
2022.07.14 12:21:28 INFO  time: evaluated worksheet 'test.worksheet.sc' in 0.23s
[31merror[39m: src\main\scala\democracy\test.worksheet.sc:22:5: ; expected but else found
    else
    ^^^^
2022.07.14 12:22:05 INFO  time: evaluated worksheet 'test.worksheet.sc' in 0.18s
[31merror[39m: src\main\scala\democracy\test.worksheet.sc:22:5: ; expected but else found
    else
    ^^^^
2022.07.14 12:22:11 INFO  time: evaluated worksheet 'test.worksheet.sc' in 0.2s
[31merror[39m: src\main\scala\democracy\test.worksheet.sc:22:5: illegal start of statement
    then else
    ^^^^
2022.07.14 12:22:20 INFO  time: evaluated worksheet 'test.worksheet.sc' in 0.15s
[31merror[39m: src\main\scala\democracy\test.worksheet.sc:22:5: ; expected but else found
    else
    ^^^^
2022.07.14 12:22:21 INFO  time: evaluated worksheet 'test.worksheet.sc' in 0.17s
[31merror[39m: src\main\scala\democracy\test.worksheet.sc:24:5: 
Not found: mid
    mid
    ^^^
2022.07.14 12:22:49 INFO  time: evaluated worksheet 'test.worksheet.sc' in 0.21s
[31merror[39m: src\main\scala\democracy\test.worksheet.sc:21:40: 
Found:    Unit
Required: App.this.Grade
        val mid =grades(grades.size/2)
                                       
[31merror[39m: src\main\scala\democracy\test.worksheet.sc:23:43: 
Found:    Unit
Required: App.this.Grade
        val mid = grades((grades.size/2)-1)  
                                          ^
2022.07.14 12:23:08 INFO  time: evaluated worksheet 'test.worksheet.sc' in 0.19s
2022.07.14 12:23:20 INFO  time: evaluated worksheet 'test.worksheet.sc' in 0.43s
[31merror[39m: src\main\scala\democracy\test.worksheet.sc:28:8: 
Not found: grades
median(grades)
       ^^^^^^
2022.07.14 12:23:30 INFO  time: evaluated worksheet 'test.worksheet.sc' in 0.24s
2022.07.14 12:23:41 INFO  time: evaluated worksheet 'test.worksheet.sc' in 0.46s
[31merror[39m: src\main\scala\democracy\test.worksheet.sc:28:8: 
Not found: gradres
median(gradres)
       ^^^^^^^
2022.07.14 12:23:48 INFO  time: evaluated worksheet 'test.worksheet.sc' in 0.18s
2022.07.14 12:23:51 INFO  time: evaluated worksheet 'test.worksheet.sc' in 0.38s
2022.07.14 12:24:48 INFO  time: evaluated worksheet 'test.worksheet.sc' in 0.38s
[31merror[39m: src\main\scala\democracy\test.worksheet.sc:22:9: 
Not found: mid
        mid
        ^^^
2022.07.14 12:25:12 INFO  time: evaluated worksheet 'test.worksheet.sc' in 0.15s
[31merror[39m: src\main\scala\democracy\test.worksheet.sc:23:9: 
Not found: mid
        mid
        ^^^
2022.07.14 12:25:15 INFO  time: evaluated worksheet 'test.worksheet.sc' in 0.13s
2022.07.14 12:25:26 INFO  time: evaluated worksheet 'test.worksheet.sc' in 0.35s
2022.07.14 12:25:45 INFO  time: evaluated worksheet 'test.worksheet.sc' in 0.38s
2022.07.14 12:25:59 INFO  time: evaluated worksheet 'test.worksheet.sc' in 0.37s
[31merror[39m: src\main\scala\democracy\test.worksheet.sc:16:54: ) expected but . found
val grades:Seq[Grade] = Seq(Grade.Bad,Grade.Bad Grade.Mediocre, Grade.Inadequate, Grade.Passable, Grade.Good, Grade.VeryGood, Grade.Excellent)
                                                     ^
2022.07.14 12:26:02 INFO  time: evaluated worksheet 'test.worksheet.sc' in 0.13s
2022.07.14 12:26:04 INFO  time: evaluated worksheet 'test.worksheet.sc' in 0.3s
2022.07.14 12:26:56 INFO  time: evaluated worksheet 'test.worksheet.sc' in 0.44s
2022.07.14 12:27:02 INFO  time: evaluated worksheet 'test.worksheet.sc' in 0.34s
[31merror[39m: src\main\scala\democracy\test.worksheet.sc:16:143: illegal start of simple expression
val grades:Seq[Grade] = Seq(Grade.Bad,Grade.Mediocre, Grade.Inadequate, Grade.Passable, Grade.Good, Grade.VeryGood, Grade.Excellent,Grade.Bad,)
                                                                                                                                              ^
2022.07.14 12:27:12 INFO  time: evaluated worksheet 'test.worksheet.sc' in 0.13s
2022.07.14 12:27:13 INFO  time: evaluated worksheet 'test.worksheet.sc' in 0.35s
2022.07.14 12:27:24 INFO  time: evaluated worksheet 'test.worksheet.sc' in 0.3s
2022.07.14 12:27:31 INFO  time: evaluated worksheet 'test.worksheet.sc' in 0.34s
2022.07.14 12:27:34 INFO  time: evaluated worksheet 'test.worksheet.sc' in 0.4s
[31merror[39m: src\main\scala\democracy\test.worksheet.sc:20:5: 
Reassignment to val grades
    grades=grades.sortBy(_.ordinal)
    ^^^^^^^^^^^^^^^^^^^^^^^^^^^^^^^
2022.07.14 12:27:42 INFO  time: evaluated worksheet 'test.worksheet.sc' in 0.15s
2022.07.14 12:28:05 INFO  time: evaluated worksheet 'test.worksheet.sc' in 0.36s
2022.07.14 12:28:07 INFO  time: evaluated worksheet 'test.worksheet.sc' in 0.32s
2022.07.14 12:28:07 INFO  time: evaluated worksheet 'test.worksheet.sc' in 0.33s
2022.07.14 12:28:09 INFO  time: evaluated worksheet 'test.worksheet.sc' in 0.46s
2022.07.14 12:28:09 INFO  time: evaluated worksheet 'test.worksheet.sc' in 0.32s
2022.07.14 12:28:09 INFO  time: evaluated worksheet 'test.worksheet.sc' in 0.33s
2022.07.14 12:28:17 INFO  time: evaluated worksheet 'test.worksheet.sc' in 0.3s
2022.07.14 12:28:32 WARN  no build target for: C:\Users\juanj\Desktop\democracy\src\main\scala\democracy\MajorityJudgement.scala
2022.07.14 12:28:34 WARN  no build target for: C:\Users\juanj\Desktop\democracy\src\test\scala\democracy\MajorityJudgementSuite.scala
2022.07.14 12:29:10 WARN  no build target for: C:\Users\juanj\Desktop\democracy\src\main\scala\democracy\MajorityJudgement.scala
2022.07.14 12:29:43 WARN  no build target for: C:\Users\juanj\Desktop\democracy\src\main\scala\democracy\MajorityJudgement.scala
2022.07.14 12:29:56 INFO  time: evaluated worksheet 'test.worksheet.sc' in 0.29s
2022.07.14 12:30:16 INFO  time: evaluated worksheet 'test.worksheet.sc' in 0.36s
jul. 14, 2022 12:30:20 P. M. org.eclipse.lsp4j.jsonrpc.RemoteEndpoint handleCancellation
ADVERTENCIA: Unmatched cancel notification for request id 1992
2022.07.14 12:30:31 INFO  time: evaluated worksheet 'test.worksheet.sc' in 0.31s
2022.07.14 12:30:48 INFO  time: evaluated worksheet 'test.worksheet.sc' in 0.32s
2022.07.14 12:31:01 INFO  time: evaluated worksheet 'test.worksheet.sc' in 0.39s
2022.07.14 12:31:04 INFO  time: evaluated worksheet 'test.worksheet.sc' in 0.31s
2022.07.14 12:31:05 INFO  time: evaluated worksheet 'test.worksheet.sc' in 0.27s
2022.07.14 12:31:10 WARN  no build target for: C:\Users\juanj\Desktop\democracy\src\main\scala\democracy\MajorityJudgement.scala
2022.07.14 12:32:09 WARN  no build target for: C:\Users\juanj\Desktop\democracy\src\main\scala\democracy\MajorityJudgement.scala
2022.07.14 12:32:21 INFO  time: evaluated worksheet 'test.worksheet.sc' in 0.26s
2022.07.14 12:33:31 INFO  time: evaluated worksheet 'test.worksheet.sc' in 0.43s
2022.07.14 12:34:01 WARN  no build target for: C:\Users\juanj\Desktop\democracy\src\test\scala\democracy\MajorityJudgementSuite.scala
2022.07.14 12:35:58 INFO  shutting down Metals
2022.07.14 12:36:07 INFO  tracing is disabled for protocol LSP, to enable tracing of incoming and outgoing JSON messages create an empty file at c:\Users\juanj\Desktop\democracy\.metals\lsp.trace.json or C:\Users\juanj\AppData\Local\scalameta\metals\cache\lsp.trace.json
2022.07.14 12:36:07 INFO  logging to file C:\Users\juanj\Desktop\democracy\.metals\metals.log
2022.07.14 12:36:07 INFO  Started: Metals version 0.11.7 in workspace 'C:\Users\juanj\Desktop\democracy' for client Visual Studio Code 1.69.1.
2022.07.14 12:36:08 INFO  time: initialize in 0.72s
2022.07.14 12:36:08 WARN  Flyway upgrade recommended: H2 2.1.214 is newer than this version of Flyway and support has not been tested. The latest supported version of H2 is 2.1.210.
2022.07.14 12:36:08 WARN  Build server is not auto-connectable.
2022.07.14 12:36:09 INFO  skipping build import with status 'Requested'
2022.07.14 12:36:11 WARN  no build target for: C:\Users\juanj\Desktop\democracy\src\test\scala\democracy\MajorityJudgementSuite.scala
jul. 14, 2022 12:36:11 P. M. org.eclipse.lsp4j.jsonrpc.RemoteEndpoint handleCancellation
ADVERTENCIA: Unmatched cancel notification for request id 4
2022.07.14 12:36:13 INFO  no build target found for C:\Users\juanj\Desktop\democracy\src\test\scala\democracy\MajorityJudgementSuite.scala. Using presentation compiler with project's scala-library version: 3.1.3
2022.07.14 12:36:15 INFO  time: code lens generation in 3.88s
2022.07.14 12:36:26 WARN  no build target for: C:\Users\juanj\Desktop\democracy\assignment.sbt
2022.07.14 12:36:27 WARN  no build target for: C:\Users\juanj\Desktop\democracy\build.sbt
2022.07.14 12:36:30 WARN  no build target for: C:\Users\juanj\Desktop\democracy\src\test\scala\democracy\MajorityJudgementSuite.scala
2022.07.14 12:37:18 WARN  no build target for: C:\Users\juanj\Desktop\democracy\src\test\scala\democracy\MajorityJudgementSuite.scala
2022.07.14 12:37:26 WARN  no build target for: C:\Users\juanj\Desktop\democracy\src\main\scala\democracy\MajorityJudgement.scala
2022.07.14 12:38:00 INFO  shutting down Metals
2022.07.14 12:38:16 INFO  tracing is disabled for protocol LSP, to enable tracing of incoming and outgoing JSON messages create an empty file at c:\Users\juanj\Desktop\democracy\.metals\lsp.trace.json or C:\Users\juanj\AppData\Local\scalameta\metals\cache\lsp.trace.json
2022.07.14 12:38:17 INFO  logging to file C:\Users\juanj\Desktop\democracy\.metals\metals.log
2022.07.14 12:38:17 INFO  Started: Metals version 0.11.7 in workspace 'C:\Users\juanj\Desktop\democracy' for client Visual Studio Code 1.69.1.
2022.07.14 12:38:17 INFO  time: initialize in 0.69s
2022.07.14 12:38:17 WARN  Flyway upgrade recommended: H2 2.1.214 is newer than this version of Flyway and support has not been tested. The latest supported version of H2 is 2.1.210.
2022.07.14 12:38:17 WARN  Build server is not auto-connectable.
2022.07.14 12:38:18 INFO  skipping build import with status 'Requested'
2022.07.14 12:38:20 WARN  no build target for: C:\Users\juanj\Desktop\democracy\src\main\scala\democracy\MajorityJudgement.scala
2022.07.14 12:38:22 INFO  no build target found for C:\Users\juanj\Desktop\democracy\src\main\scala\democracy\MajorityJudgement.scala. Using presentation compiler with project's scala-library version: 3.1.3
2022.07.14 12:38:25 INFO  time: code lens generation in 4.88s
2022.07.14 12:38:55 INFO  no build target found for C:\Users\juanj\Desktop\democracy\src\main\scala\democracy\test.worksheet.sc. Using presentation compiler with project's scala-library version: 3.1.3
2022.07.14 12:38:55 INFO  time: evaluated worksheet 'test.worksheet.sc' in 6.37s
2022.07.14 12:38:57 INFO  time: evaluated worksheet 'test.worksheet.sc' in 1.08s
2022.07.14 12:39:02 WARN  no build target for: C:\Users\juanj\Desktop\democracy\src\test\scala\democracy\MajorityJudgementSuite.scala
Exception in thread "pool-3-thread-1" java.lang.InterruptedException
	at scala.meta.internal.metals.FutureCancelToken.checkCanceled(FutureCancelToken.scala:29)
	at scala.meta.internal.pc.CompilerAccess.onCompilerJobQueue$$anonfun$1(CompilerAccess.scala:196)
	at scala.meta.internal.pc.CompilerJobQueue$Job.run(CompilerJobQueue.scala:152)
	at java.base/java.util.concurrent.ThreadPoolExecutor.runWorker(ThreadPoolExecutor.java:1136)
	at java.base/java.util.concurrent.ThreadPoolExecutor$Worker.run(ThreadPoolExecutor.java:635)
	at java.base/java.lang.Thread.run(Thread.java:833)
2022.07.14 12:39:25 ERROR Cannot create filejava.nio.file.FileAlreadyExistsException: The file C:\Users\juanj\Desktop\democracy\src\main\scala\democracy\test.worksheet.sc already exists.
	at scala.meta.internal.metals.newScalaFile.NewFileProvider.createFileAndWriteText(NewFileProvider.scala:254)
	at scala.meta.internal.metals.newScalaFile.NewFileProvider.createEmptyFile(NewFileProvider.scala:245)
	at scala.meta.internal.metals.newScalaFile.NewFileProvider.$anonfun$createFile$4(NewFileProvider.scala:102)
	at scala.meta.internal.metals.MetalsEnrichments$OptionFutureTransformer.$anonfun$mapOption$3(MetalsEnrichments.scala:981)
	at scala.Option.fold(Option.scala:263)
	at scala.meta.internal.metals.MetalsEnrichments$OptionFutureTransformer.$anonfun$mapOption$1(MetalsEnrichments.scala:981)
	at scala.concurrent.impl.Promise$Transformation.run(Promise.scala:470)
	at java.util.concurrent.ThreadPoolExecutor.runWorker(ThreadPoolExecutor.java:1136)
	at java.util.concurrent.ThreadPoolExecutor$Worker.run(ThreadPoolExecutor.java:635)
	at java.lang.Thread.run(Thread.java:833)

jul. 14, 2022 12:39:25 P. M. org.eclipse.lsp4j.jsonrpc.RemoteEndpoint fallbackResponseError
GRAVE: Internal error: java.nio.file.FileAlreadyExistsException: The file C:\Users\juanj\Desktop\democracy\src\main\scala\democracy\test.worksheet.sc already exists.
java.util.concurrent.CompletionException: java.nio.file.FileAlreadyExistsException: The file C:\Users\juanj\Desktop\democracy\src\main\scala\democracy\test.worksheet.sc already exists.
	at java.base/java.util.concurrent.CompletableFuture.encodeThrowable(CompletableFuture.java:332)
	at java.base/java.util.concurrent.CompletableFuture.completeThrowable(CompletableFuture.java:347)
	at java.base/java.util.concurrent.CompletableFuture$UniAccept.tryFire(CompletableFuture.java:708)
	at java.base/java.util.concurrent.CompletableFuture.postComplete(CompletableFuture.java:510)
	at java.base/java.util.concurrent.CompletableFuture.completeExceptionally(CompletableFuture.java:2162)
	at scala.concurrent.java8.FuturesConvertersImpl$CF.apply(FutureConvertersImpl.scala:29)
	at scala.concurrent.java8.FuturesConvertersImpl$CF.apply(FutureConvertersImpl.scala:26)
	at scala.concurrent.impl.Promise$Transformation.run(Promise.scala:484)
	at scala.concurrent.ExecutionContext$parasitic$.execute(ExecutionContext.scala:222)
	at scala.concurrent.impl.Promise$Transformation.submitWithValue(Promise.scala:429)
	at scala.concurrent.impl.Promise$DefaultPromise.submitWithValue(Promise.scala:338)
	at scala.concurrent.impl.Promise$DefaultPromise.tryComplete0(Promise.scala:285)
	at scala.concurrent.impl.Promise$Transformation.run(Promise.scala:504)
	at java.base/java.util.concurrent.ThreadPoolExecutor.runWorker(ThreadPoolExecutor.java:1136)
	at java.base/java.util.concurrent.ThreadPoolExecutor$Worker.run(ThreadPoolExecutor.java:635)
	at java.base/java.lang.Thread.run(Thread.java:833)
Caused by: java.nio.file.FileAlreadyExistsException: The file C:\Users\juanj\Desktop\democracy\src\main\scala\democracy\test.worksheet.sc already exists.
	at scala.meta.internal.metals.newScalaFile.NewFileProvider.createFileAndWriteText(NewFileProvider.scala:254)
	at scala.meta.internal.metals.newScalaFile.NewFileProvider.createEmptyFile(NewFileProvider.scala:245)
	at scala.meta.internal.metals.newScalaFile.NewFileProvider.$anonfun$createFile$4(NewFileProvider.scala:102)
	at scala.meta.internal.metals.MetalsEnrichments$OptionFutureTransformer.$anonfun$mapOption$3(MetalsEnrichments.scala:981)
	at scala.Option.fold(Option.scala:263)
	at scala.meta.internal.metals.MetalsEnrichments$OptionFutureTransformer.$anonfun$mapOption$1(MetalsEnrichments.scala:981)
	at scala.concurrent.impl.Promise$Transformation.run(Promise.scala:470)
	... 3 more

2022.07.14 12:39:33 INFO  time: evaluated worksheet 'test.worksheet.sc' in 0.91s
2022.07.14 12:39:38 INFO  shutting down Metals
2022.07.14 12:40:35 INFO  tracing is disabled for protocol LSP, to enable tracing of incoming and outgoing JSON messages create an empty file at c:\Users\juanj\Desktop\democracy\.metals\lsp.trace.json or C:\Users\juanj\AppData\Local\scalameta\metals\cache\lsp.trace.json
2022.07.14 12:40:36 INFO  logging to file C:\Users\juanj\Desktop\democracy\.metals\metals.log
2022.07.14 12:40:36 INFO  Started: Metals version 0.11.7 in workspace 'C:\Users\juanj\Desktop\democracy' for client Visual Studio Code 1.69.1.
2022.07.14 12:40:37 INFO  time: initialize in 0.7s
2022.07.14 12:40:37 WARN  Flyway upgrade recommended: H2 2.1.214 is newer than this version of Flyway and support has not been tested. The latest supported version of H2 is 2.1.210.
2022.07.14 12:40:37 WARN  Build server is not auto-connectable.
2022.07.14 12:40:37 INFO  skipping build import with status 'Requested'
2022.07.14 12:40:39 WARN  no build target for: C:\Users\juanj\Desktop\democracy\src\test\scala\democracy\MajorityJudgementSuite.scala
jul. 14, 2022 12:40:40 P. M. org.eclipse.lsp4j.jsonrpc.RemoteEndpoint handleCancellation
ADVERTENCIA: Unmatched cancel notification for request id 1
2022.07.14 12:40:42 INFO  no build target found for C:\Users\juanj\Desktop\democracy\src\test\scala\democracy\MajorityJudgementSuite.scala. Using presentation compiler with project's scala-library version: 3.1.3
2022.07.14 12:40:43 INFO  time: code lens generation in 3.25s
2022.07.14 12:41:20 WARN  no build target for: C:\Users\juanj\Desktop\democracy\assignment.sbt
2022.07.14 12:41:21 WARN  no build target for: C:\Users\juanj\Desktop\democracy\build.sbt
2022.07.14 12:41:23 WARN  no build target for: C:\Users\juanj\Desktop\democracy\src\test\scala\democracy\MajorityJudgementSuite.scala
2022.07.14 12:41:54 WARN  no build target for: C:\Users\juanj\Desktop\democracy\assignment.sbt
2022.07.14 12:42:04 WARN  no build target for: C:\Users\juanj\Desktop\democracy\src\test\scala\democracy\MajorityJudgementSuite.scala
2022.07.14 12:42:53 INFO  shutting down Metals
2022.07.14 12:43:07 INFO  tracing is disabled for protocol LSP, to enable tracing of incoming and outgoing JSON messages create an empty file at c:\Users\juanj\Desktop\democracy\.metals\lsp.trace.json or C:\Users\juanj\AppData\Local\scalameta\metals\cache\lsp.trace.json
2022.07.14 12:43:08 INFO  logging to file C:\Users\juanj\Desktop\democracy\.metals\metals.log
2022.07.14 12:43:08 INFO  Started: Metals version 0.11.7+19-1405f4de-SNAPSHOT in workspace 'C:\Users\juanj\Desktop\democracy' for client Visual Studio Code 1.69.1.
2022.07.14 12:43:09 INFO  time: initialize in 0.77s
2022.07.14 12:43:09 WARN  Flyway upgrade recommended: H2 2.1.214 is newer than this version of Flyway and support has not been tested. The latest supported version of H2 is 2.1.210.
2022.07.14 12:43:09 WARN  Build server is not auto-connectable.
2022.07.14 12:43:09 WARN  no build target for: C:\Users\juanj\Desktop\democracy\src\test\scala\democracy\MajorityJudgementSuite.scala
2022.07.14 12:43:10 INFO  skipping build import with status 'Requested'
2022.07.14 12:43:14 INFO  no build target found for C:\Users\juanj\Desktop\democracy\src\test\scala\democracy\MajorityJudgementSuite.scala. Using presentation compiler with project's scala-library version: 3.1.3
2022.07.14 12:43:16 INFO  time: code lens generation in 5s
2022.07.14 12:44:16 INFO  shutting down Metals
2022.07.14 12:44:46 INFO  tracing is disabled for protocol LSP, to enable tracing of incoming and outgoing JSON messages create an empty file at c:\Users\juanj\Desktop\democracy\.metals\lsp.trace.json or C:\Users\juanj\AppData\Local\scalameta\metals\cache\lsp.trace.json
2022.07.14 12:44:47 INFO  logging to file C:\Users\juanj\Desktop\democracy\.metals\metals.log
2022.07.14 12:44:47 INFO  Started: Metals version 0.11.7 in workspace 'C:\Users\juanj\Desktop\democracy' for client Visual Studio Code 1.69.1.
2022.07.14 12:44:47 INFO  time: initialize in 0.7s
2022.07.14 12:44:47 WARN  Flyway upgrade recommended: H2 2.1.214 is newer than this version of Flyway and support has not been tested. The latest supported version of H2 is 2.1.210.
2022.07.14 12:44:47 WARN  Build server is not auto-connectable.
2022.07.14 12:44:48 INFO  skipping build import with status 'Requested'
2022.07.14 12:44:50 WARN  no build target for: C:\Users\juanj\Desktop\democracy\src\test\scala\democracy\MajorityJudgementSuite.scala
jul. 14, 2022 12:44:50 P. M. org.eclipse.lsp4j.jsonrpc.RemoteEndpoint handleCancellation
ADVERTENCIA: Unmatched cancel notification for request id 3
jul. 14, 2022 12:44:50 P. M. org.eclipse.lsp4j.jsonrpc.RemoteEndpoint handleCancellation
ADVERTENCIA: Unmatched cancel notification for request id 1
2022.07.14 12:44:52 INFO  no build target found for C:\Users\juanj\Desktop\democracy\src\test\scala\democracy\MajorityJudgementSuite.scala. Using presentation compiler with project's scala-library version: 3.1.3
2022.07.14 12:44:53 WARN  no build target for: C:\Users\juanj\Desktop\democracy\src\main\scala\democracy\MajorityJudgement.scala
jul. 14, 2022 12:44:53 P. M. org.eclipse.lsp4j.jsonrpc.RemoteEndpoint handleCancellation
ADVERTENCIA: Unmatched cancel notification for request id 5
jul. 14, 2022 12:44:53 P. M. org.eclipse.lsp4j.jsonrpc.RemoteEndpoint handleCancellation
ADVERTENCIA: Unmatched cancel notification for request id 8
jul. 14, 2022 12:44:53 P. M. org.eclipse.lsp4j.jsonrpc.RemoteEndpoint handleCancellation
ADVERTENCIA: Unmatched cancel notification for request id 11
jul. 14, 2022 12:44:53 P. M. org.eclipse.lsp4j.jsonrpc.RemoteEndpoint handleCancellation
ADVERTENCIA: Unmatched cancel notification for request id 10
jul. 14, 2022 12:44:53 P. M. org.eclipse.lsp4j.jsonrpc.RemoteEndpoint handleCancellation
ADVERTENCIA: Unmatched cancel notification for request id 9
2022.07.14 12:44:53 WARN  no build target for: C:\Users\juanj\Desktop\democracy\src\main\scala\democracy\MajorityJudgement.scala
jul. 14, 2022 12:44:53 P. M. org.eclipse.lsp4j.jsonrpc.RemoteEndpoint handleCancellation
ADVERTENCIA: Unmatched cancel notification for request id 13
2022.07.14 12:44:56 INFO  time: code lens generation in 2.49s
2022.07.14 12:44:56 INFO  time: code lens generation in 3.26s
2022.07.14 12:45:00 INFO  no build target found for C:\Users\juanj\Desktop\democracy\src\main\scala\democracy\test.worksheet.sc. Using presentation compiler with project's scala-library version: 3.1.3
2022.07.14 12:45:00 INFO  time: evaluated worksheet 'test.worksheet.sc' in 6.91s
2022.07.14 12:45:05 WARN  no build target for: C:\Users\juanj\Desktop\democracy\src\main\scala\democracy\MajorityJudgement.scala
jul. 14, 2022 12:46:12 P. M. org.eclipse.lsp4j.jsonrpc.RemoteEndpoint handleCancellation
ADVERTENCIA: Unmatched cancel notification for request id 102
2022.07.14 12:46:15 WARN  no build target for: C:\Users\juanj\Desktop\democracy\src\main\scala\democracy\MajorityJudgement.scala
2022.07.14 12:46:25 WARN  no build target for: C:\Users\juanj\Desktop\democracy\src\main\scala\democracy\MajorityJudgement.scala
2022.07.14 12:46:36 WARN  no build target for: C:\Users\juanj\Desktop\democracy\src\main\scala\democracy\MajorityJudgement.scala
2022.07.14 12:46:46 INFO  time: evaluated worksheet 'test.worksheet.sc' in 0.99s
2022.07.14 12:46:55 INFO  time: evaluated worksheet 'test.worksheet.sc' in 0.8s
2022.07.14 12:48:34 INFO  time: evaluated worksheet 'test.worksheet.sc' in 0.7s
2022.07.14 12:48:43 INFO  time: evaluated worksheet 'test.worksheet.sc' in 0.65s
2022.07.14 12:48:47 INFO  time: evaluated worksheet 'test.worksheet.sc' in 0.62s
2022.07.14 12:48:57 INFO  time: evaluated worksheet 'test.worksheet.sc' in 0.56s
2022.07.14 12:49:02 INFO  time: evaluated worksheet 'test.worksheet.sc' in 0.54s
2022.07.14 15:40:11 INFO  tracing is disabled for protocol LSP, to enable tracing of incoming and outgoing JSON messages create an empty file at c:\Users\juanj\Desktop\democracy\.metals\lsp.trace.json or C:\Users\juanj\AppData\Local\scalameta\metals\cache\lsp.trace.json
2022.07.14 15:40:12 INFO  logging to file C:\Users\juanj\Desktop\democracy\.metals\metals.log
2022.07.14 15:40:12 INFO  Started: Metals version 0.11.7 in workspace 'C:\Users\juanj\Desktop\democracy' for client Visual Studio Code 1.69.1.
2022.07.14 15:40:14 INFO  time: initialize in 1.17s
2022.07.14 15:40:17 WARN  Flyway upgrade recommended: H2 2.1.214 is newer than this version of Flyway and support has not been tested. The latest supported version of H2 is 2.1.210.
2022.07.14 15:40:17 WARN  Build server is not auto-connectable.
2022.07.14 15:40:18 INFO  skipping build import with status 'Requested'
2022.07.14 15:40:19 WARN  no build target for: C:\Users\juanj\Desktop\democracy\src\main\scala\democracy\MajorityJudgement.scala
2022.07.14 15:40:22 INFO  no build target found for C:\Users\juanj\Desktop\democracy\src\main\scala\democracy\MajorityJudgement.scala. Using presentation compiler with project's scala-library version: 3.1.3
2022.07.14 15:40:25 INFO  time: code lens generation in 5.69s
2022.07.14 15:42:50 WARN  no build target for: C:\Users\juanj\Desktop\democracy\src\main\scala\democracy\MajorityJudgement.scala
2022.07.14 15:46:49 WARN  no build target for: C:\Users\juanj\Desktop\democracy\src\main\scala\democracy\MajorityJudgement.scala
2022.07.14 15:46:54 WARN  no build target for: C:\Users\juanj\Desktop\democracy\src\main\scala\democracy\MajorityJudgement.scala
2022.07.14 15:47:17 WARN  no build target for: C:\Users\juanj\Desktop\democracy\src\main\scala\democracy\MajorityJudgement.scala
2022.07.14 15:47:26 WARN  no build target for: C:\Users\juanj\Desktop\democracy\src\main\scala\democracy\MajorityJudgement.scala
2022.07.14 15:47:28 WARN  no build target for: C:\Users\juanj\Desktop\democracy\src\main\scala\democracy\MajorityJudgement.scala
2022.07.14 15:47:31 WARN  no build target for: C:\Users\juanj\Desktop\democracy\src\main\scala\democracy\MajorityJudgement.scala
2022.07.14 15:48:12 WARN  no build target for: C:\Users\juanj\Desktop\democracy\src\main\scala\democracy\MajorityJudgement.scala
2022.07.14 15:48:13 WARN  no build target for: C:\Users\juanj\Desktop\democracy\src\main\scala\democracy\MajorityJudgement.scala
2022.07.14 15:48:30 WARN  no build target for: C:\Users\juanj\Desktop\democracy\src\test\scala\democracy\MajorityJudgementSuite.scala
2022.07.14 15:48:33 INFO  no build target found for C:\Users\juanj\Desktop\democracy\src\main\scala\democracy\test.worksheet.sc. Using presentation compiler with project's scala-library version: 3.1.3
2022.07.14 15:48:33 INFO  time: evaluated worksheet 'test.worksheet.sc' in 6.53s
2022.07.14 15:50:37 WARN  no build target for: C:\Users\juanj\Desktop\democracy\src\main\scala\democracy\MajorityJudgement.scala
2022.07.14 15:53:40 WARN  no build target for: C:\Users\juanj\Desktop\democracy\src\main\scala\democracy\MajorityJudgement.scala
2022.07.14 15:53:56 WARN  no build target for: C:\Users\juanj\Desktop\democracy\src\main\scala\democracy\MajorityJudgement.scala
2022.07.14 15:56:04 INFO  shutting down Metals
2022.07.16 09:16:11 INFO  tracing is disabled for protocol LSP, to enable tracing of incoming and outgoing JSON messages create an empty file at c:\Users\juanj\Desktop\democracy\.metals\lsp.trace.json or C:\Users\juanj\AppData\Local\scalameta\metals\cache\lsp.trace.json
2022.07.16 09:16:12 INFO  logging to file C:\Users\juanj\Desktop\democracy\.metals\metals.log
2022.07.16 09:16:12 INFO  Started: Metals version 0.11.7 in workspace 'C:\Users\juanj\Desktop\democracy' for client Visual Studio Code 1.69.1.
2022.07.16 09:16:13 INFO  time: initialize in 0.78s
2022.07.16 09:16:13 WARN  Flyway upgrade recommended: H2 2.1.214 is newer than this version of Flyway and support has not been tested. The latest supported version of H2 is 2.1.210.
2022.07.16 09:16:13 WARN  Build server is not auto-connectable.
2022.07.16 09:16:14 INFO  skipping build import with status 'Requested'
2022.07.16 09:16:15 WARN  no build target for: C:\Users\juanj\Desktop\democracy\src\main\scala\democracy\MajorityJudgement.scala
2022.07.16 09:16:19 INFO  no build target found for C:\Users\juanj\Desktop\democracy\src\main\scala\democracy\MajorityJudgement.scala. Using presentation compiler with project's scala-library version: 3.1.3
2022.07.16 09:16:23 INFO  time: code lens generation in 7.77s
2022.07.16 09:16:23 INFO  time: code lens generation in 3.12s
Exception in thread "pool-3-thread-1" java.lang.InterruptedException
	at scala.meta.internal.metals.FutureCancelToken.checkCanceled(FutureCancelToken.scala:29)
	at scala.meta.internal.pc.CompilerAccess.onCompilerJobQueue$$anonfun$1(CompilerAccess.scala:196)
	at scala.meta.internal.pc.CompilerJobQueue$Job.run(CompilerJobQueue.scala:152)
	at java.base/java.util.concurrent.ThreadPoolExecutor.runWorker(ThreadPoolExecutor.java:1136)
	at java.base/java.util.concurrent.ThreadPoolExecutor$Worker.run(ThreadPoolExecutor.java:635)
	at java.base/java.lang.Thread.run(Thread.java:833)
Exception in thread "pool-3-thread-2" java.lang.InterruptedException
	at scala.meta.internal.metals.FutureCancelToken.checkCanceled(FutureCancelToken.scala:29)
	at scala.meta.internal.pc.CompilerAccess.onCompilerJobQueue$$anonfun$1(CompilerAccess.scala:196)
	at scala.meta.internal.pc.CompilerJobQueue$Job.run(CompilerJobQueue.scala:152)
	at java.base/java.util.concurrent.ThreadPoolExecutor.runWorker(ThreadPoolExecutor.java:1136)
	at java.base/java.util.concurrent.ThreadPoolExecutor$Worker.run(ThreadPoolExecutor.java:635)
	at java.base/java.lang.Thread.run(Thread.java:833)
2022.07.16 09:17:30 INFO  no build target found for C:\Users\juanj\Desktop\democracy\src\main\scala\democracy\test.worksheet.sc. Using presentation compiler with project's scala-library version: 3.1.3
2022.07.16 09:17:30 INFO  time: evaluated worksheet 'test.worksheet.sc' in 9.33s
[31merror[39m: src\main\scala\democracy\test.worksheet.sc:33:21: 
Not found: type Candidate
val allGrades: Seq[(Candidate, Grade)] =
                    ^^^^^^^^^
[31merror[39m: src\main\scala\democracy\test.worksheet.sc:34:3: 
Not found: ballots
  ballots.flatMap(ballot =>
  ^^^^^^^
[31merror[39m: 
test.worksheet.sc:77 (mdoc generated code) 
 Found:    (App.this.allGrades : Seq[(<error Not found: type Candidate>, App.this.Grade)])
Required: mdoc.internal.sourcecode.SourceStatement[Nothing]
    $doc.binder(allGrades, 32, 4, 32, 13);


2022.07.16 09:18:20 INFO  time: evaluated worksheet 'test.worksheet.sc' in 0.81s
[31merror[39m: src\main\scala\democracy\test.worksheet.sc:33:21: 
Not found: type Candidate
val allGrades: Seq[(Candidate, Grade)] =
                    ^^^^^^^^^
[31merror[39m: src\main\scala\democracy\test.worksheet.sc:34:3: 
Not found: ballots
  ballots.flatMap(ballot =>
  ^^^^^^^
[31merror[39m: 
test.worksheet.sc:77 (mdoc generated code) 
 Found:    (App.this.allGrades : Seq[(<error Not found: type Candidate>, App.this.Grade)])
Required: mdoc.internal.sourcecode.SourceStatement[Nothing]
    $doc.binder(allGrades, 32, 4, 32, 13);


2022.07.16 09:18:21 INFO  time: evaluated worksheet 'test.worksheet.sc' in 0.56s
2022.07.16 09:18:23 WARN  no build target for: C:\Users\juanj\Desktop\democracy\src\test\scala\democracy\MajorityJudgementSuite.scala
[31merror[39m: src\main\scala\democracy\test.worksheet.sc:62:1: ) expected but val found
val allGrades: Seq[(Candidate, Grade)] =
^^^
2022.07.16 09:19:36 INFO  time: evaluated worksheet 'test.worksheet.sc' in 0.54s
[31merror[39m: src\main\scala\democracy\test.worksheet.sc:34:15: 
Not found: Ballot
val ballot1 = Ballot(
              ^^^^^^
[31merror[39m: src\main\scala\democracy\test.worksheet.sc:36:9: 
Not found: tiramisu
        tiramisu    -> Grade.Excellent,
        ^^^^^^^^
[31merror[39m: src\main\scala\democracy\test.worksheet.sc:37:9: 
Not found: cremeBrulee
        cremeBrulee -> Grade.Good,
        ^^^^^^^^^^^
[31merror[39m: src\main\scala\democracy\test.worksheet.sc:38:9: 
Not found: cheesecake
        cheesecake  -> Grade.Inadequate
        ^^^^^^^^^^
[31merror[39m: src\main\scala\democracy\test.worksheet.sc:42:15: 
Not found: Ballot
val ballot2 = Ballot(
              ^^^^^^
[31merror[39m: src\main\scala\democracy\test.worksheet.sc:44:9: 
Not found: tiramisu
        tiramisu    -> Grade.Excellent,
        ^^^^^^^^
[31merror[39m: src\main\scala\democracy\test.worksheet.sc:45:9: 
Not found: cremeBrulee
        cremeBrulee -> Grade.Passable,
        ^^^^^^^^^^^
[31merror[39m: src\main\scala\democracy\test.worksheet.sc:46:9: 
Not found: cheesecake
        cheesecake  -> Grade.Good
        ^^^^^^^^^^
[31merror[39m: src\main\scala\democracy\test.worksheet.sc:50:19: 
Not found: Ballot
    val ballot3 = Ballot(
                  ^^^^^^
[31merror[39m: src\main\scala\democracy\test.worksheet.sc:52:9: 
Not found: tiramisu
        tiramisu    -> Grade.VeryGood,
        ^^^^^^^^
[31merror[39m: src\main\scala\democracy\test.worksheet.sc:53:9: 
Not found: cremeBrulee
        cremeBrulee -> Grade.Inadequate,
        ^^^^^^^^^^^
[31merror[39m: src\main\scala\democracy\test.worksheet.sc:54:9: 
Not found: cheesecake
        cheesecake  -> Grade.Good
        ^^^^^^^^^^
[31merror[39m: src\main\scala\democracy\test.worksheet.sc:62:21: 
Not found: type Candidate
val allGrades: Seq[(Candidate, Grade)] =
                    ^^^^^^^^^
[31merror[39m: src\main\scala\democracy\test.worksheet.sc:64:5: 
value grades is not a member of Nothing
    ballot.grades.map(candidateGrade =>
    ^^^^^^^^^^^^^
[31merror[39m: 
test.worksheet.sc:111 (mdoc generated code) 
 Found:    (App.this.allGrades : Seq[(<error Not found: type Candidate>, App.this.Grade)])
Required: mdoc.internal.sourcecode.SourceStatement[Nothing]
    $doc.binder(allGrades, 61, 4, 61, 13);


2022.07.16 09:20:05 INFO  time: evaluated worksheet 'test.worksheet.sc' in 0.58s
[31merror[39m: src\main\scala\democracy\test.worksheet.sc:34:15: 
Not found: Ballot
val ballot1 = Ballot(
              ^^^^^^
[31merror[39m: src\main\scala\democracy\test.worksheet.sc:36:9: 
Not found: tiramisu
        tiramisu    -> Grade.Excellent,
        ^^^^^^^^
[31merror[39m: src\main\scala\democracy\test.worksheet.sc:37:9: 
Not found: cremeBrulee
        cremeBrulee -> Grade.Good,
        ^^^^^^^^^^^
[31merror[39m: src\main\scala\democracy\test.worksheet.sc:38:9: 
Not found: cheesecake
        cheesecake  -> Grade.Inadequate
        ^^^^^^^^^^
[31merror[39m: src\main\scala\democracy\test.worksheet.sc:42:15: 
Not found: Ballot
val ballot2 = Ballot(
              ^^^^^^
[31merror[39m: src\main\scala\democracy\test.worksheet.sc:44:9: 
Not found: tiramisu
        tiramisu    -> Grade.Excellent,
        ^^^^^^^^
[31merror[39m: src\main\scala\democracy\test.worksheet.sc:45:9: 
Not found: cremeBrulee
        cremeBrulee -> Grade.Passable,
        ^^^^^^^^^^^
[31merror[39m: src\main\scala\democracy\test.worksheet.sc:46:9: 
Not found: cheesecake
        cheesecake  -> Grade.Good
        ^^^^^^^^^^
[31merror[39m: src\main\scala\democracy\test.worksheet.sc:50:19: 
Not found: Ballot
    val ballot3 = Ballot(
                  ^^^^^^
[31merror[39m: src\main\scala\democracy\test.worksheet.sc:52:9: 
Not found: tiramisu
        tiramisu    -> Grade.VeryGood,
        ^^^^^^^^
[31merror[39m: src\main\scala\democracy\test.worksheet.sc:53:9: 
Not found: cremeBrulee
        cremeBrulee -> Grade.Inadequate,
        ^^^^^^^^^^^
[31merror[39m: src\main\scala\democracy\test.worksheet.sc:54:9: 
Not found: cheesecake
        cheesecake  -> Grade.Good
        ^^^^^^^^^^
[31merror[39m: src\main\scala\democracy\test.worksheet.sc:62:21: 
Not found: type Candidate
val allGrades: Seq[(Candidate, Grade)] =
                    ^^^^^^^^^
[31merror[39m: src\main\scala\democracy\test.worksheet.sc:64:5: 
value grades is not a member of Nothing
    ballot.grades.map(candidateGrade =>
    ^^^^^^^^^^^^^
[31merror[39m: 
test.worksheet.sc:111 (mdoc generated code) 
 Found:    (App.this.allGrades : Seq[(<error Not found: type Candidate>, App.this.Grade)])
Required: mdoc.internal.sourcecode.SourceStatement[Nothing]
    $doc.binder(allGrades, 61, 4, 61, 13);


2022.07.16 09:21:08 INFO  time: evaluated worksheet 'test.worksheet.sc' in 0.61s
[31merror[39m: src\main\scala\democracy\test.worksheet.sc:31:31: 
Not found: type Candidate
case class Ballot(grades: Map[Candidate, Grade])
                              ^^^^^^^^^
[31merror[39m: src\main\scala\democracy\test.worksheet.sc:33:19: 
Not found: Candidate
val tiramisu    = Candidate("Tiramisu")
                  ^^^^^^^^^
[31merror[39m: src\main\scala\democracy\test.worksheet.sc:34:19: 
Not found: Candidate
val cremeBrulee = Candidate("Crème brûlée")
                  ^^^^^^^^^
[31merror[39m: src\main\scala\democracy\test.worksheet.sc:35:19: 
Not found: Candidate
val cheesecake  = Candidate("Cheesecake")
                  ^^^^^^^^^
[31merror[39m: src\main\scala\democracy\test.worksheet.sc:37:16: 
Not found: Election
val election = Election("Best dessert", Set(tiramisu, cremeBrulee, cheesecake))
               ^^^^^^^^
[31merror[39m: src\main\scala\democracy\test.worksheet.sc:68:21: 
Not found: type Candidate
val allGrades: Seq[(Candidate, Grade)] =
                    ^^^^^^^^^
[31merror[39m: 
test.worksheet.sc:130 (mdoc generated code) 
 Found:    (App.this.allGrades : Seq[(<error Not found: type Candidate>, App.this.Grade)])
Required: mdoc.internal.sourcecode.SourceStatement[Nothing]
    $doc.binder(allGrades, 67, 4, 67, 13);


2022.07.16 09:21:47 INFO  time: evaluated worksheet 'test.worksheet.sc' in 0.63s
[31merror[39m: src\main\scala\democracy\test.worksheet.sc:31:31: 
Not found: type Candidate
case class Ballot(grades: Map[Candidate, Grade])
                              ^^^^^^^^^
[31merror[39m: src\main\scala\democracy\test.worksheet.sc:33:19: 
Not found: Candidate
val tiramisu    = Candidate("Tiramisu")
                  ^^^^^^^^^
[31merror[39m: src\main\scala\democracy\test.worksheet.sc:34:19: 
Not found: Candidate
val cremeBrulee = Candidate("Crème brûlée")
                  ^^^^^^^^^
[31merror[39m: src\main\scala\democracy\test.worksheet.sc:35:19: 
Not found: Candidate
val cheesecake  = Candidate("Cheesecake")
                  ^^^^^^^^^
[31merror[39m: src\main\scala\democracy\test.worksheet.sc:67:21: 
Not found: type Candidate
val allGrades: Seq[(Candidate, Grade)] =
                    ^^^^^^^^^
[31merror[39m: 
test.worksheet.sc:126 (mdoc generated code) 
 Found:    (App.this.allGrades : Seq[(<error Not found: type Candidate>, App.this.Grade)])
Required: mdoc.internal.sourcecode.SourceStatement[Nothing]
    $doc.binder(allGrades, 66, 4, 66, 13);


2022.07.16 09:22:14 INFO  time: evaluated worksheet 'test.worksheet.sc' in 0.6s
2022.07.16 09:22:19 WARN  no build target for: C:\Users\juanj\Desktop\democracy\src\main\scala\democracy\MajorityJudgement.scala
2022.07.16 09:22:24 INFO  time: evaluated worksheet 'test.worksheet.sc' in 1.47s
2022.07.16 09:22:50 INFO  time: evaluated worksheet 'test.worksheet.sc' in 1.46s
jul. 16, 2022 9:29:21 A. M. org.eclipse.lsp4j.jsonrpc.RemoteEndpoint handleCancellation
ADVERTENCIA: Unmatched cancel notification for request id 712
[31merror[39m: src\main\scala\democracy\test.worksheet.sc:78:1: 
Not found: mutable
mutable.ArrayBuffer(1, 2).flatMap(x => mutable.ArrayBuffer(x, x * 2))
^^^^^^^
2022.07.16 09:36:06 INFO  time: evaluated worksheet 'test.worksheet.sc' in 0.76s
[31merror[39m: src\main\scala\democracy\test.worksheet.sc:78:1: 
Not found: ArrayBuffer
ArrayBuffer(1, 2).flatMap(x => mutable.ArrayBuffer(x, x * 2))
^^^^^^^^^^^
2022.07.16 09:36:23 INFO  time: evaluated worksheet 'test.worksheet.sc' in 0.74s
[31merror[39m: src\main\scala\democracy\test.worksheet.sc:78:1: 
Not found: ArrayBuffer
ArrayBuffer(1, 2).flatMap(x => mutable.ArrayBuffer(x, x * 2))
^^^^^^^^^^^
2022.07.16 09:36:49 INFO  time: evaluated worksheet 'test.worksheet.sc' in 0.58s
[31merror[39m: src\main\scala\democracy\test.worksheet.sc:78:32: 
Not found: mutable
ArrayBuffer(1, 2).flatMap(x => mutable.ArrayBuffer(x, x * 2))
                               ^^^^^^^
2022.07.16 09:37:11 INFO  time: evaluated worksheet 'test.worksheet.sc' in 1.56s
2022.07.16 09:37:16 INFO  time: evaluated worksheet 'test.worksheet.sc' in 1.27s
2022.07.16 09:37:43 INFO  time: evaluated worksheet 'test.worksheet.sc' in 1.33s
2022.07.16 09:38:32 INFO  time: evaluated worksheet 'test.worksheet.sc' in 1.31s
[31merror[39m: src\main\scala\democracy\test.worksheet.sc:80:43: 
value ** is not a member of Int
example.flatMap(x => ArrayBuffer(x, x * 2,x**2))
                                          ^^^
2022.07.16 09:38:36 INFO  time: evaluated worksheet 'test.worksheet.sc' in 0.51s
2022.07.16 09:38:43 INFO  time: evaluated worksheet 'test.worksheet.sc' in 1s
2022.07.16 10:14:32 WARN  no build target for: C:\Users\juanj\Desktop\democracy\build.sbt
2022.07.16 10:14:46 WARN  no build target for: C:\Users\juanj\Desktop\democracy\assignment.sbt
2022.07.17 21:54:46 INFO  tracing is disabled for protocol LSP, to enable tracing of incoming and outgoing JSON messages create an empty file at c:\Users\juanj\Desktop\democracy\.metals\lsp.trace.json or C:\Users\juanj\AppData\Local\scalameta\metals\cache\lsp.trace.json
2022.07.17 21:54:47 INFO  logging to file C:\Users\juanj\Desktop\democracy\.metals\metals.log
2022.07.17 21:54:47 INFO  Started: Metals version 0.11.7 in workspace 'C:\Users\juanj\Desktop\democracy' for client Visual Studio Code 1.69.1.
2022.07.17 21:54:47 INFO  time: initialize in 0.74s
2022.07.17 21:54:51 WARN  Flyway upgrade recommended: H2 2.1.214 is newer than this version of Flyway and support has not been tested. The latest supported version of H2 is 2.1.210.
2022.07.17 21:54:51 WARN  Build server is not auto-connectable.
2022.07.17 21:54:51 INFO  skipping build import with status 'Requested'
2022.07.17 21:54:53 WARN  no build target for: C:\Users\juanj\Desktop\democracy\src\main\scala\democracy\MajorityJudgement.scala
2022.07.17 21:54:56 INFO  no build target found for C:\Users\juanj\Desktop\democracy\src\main\scala\democracy\test.worksheet.sc. Using presentation compiler with project's scala-library version: 3.1.3
2022.07.17 21:54:59 INFO  time: code lens generation in 5.86s
2022.07.17 21:55:20 INFO  no build target found for C:\Users\juanj\Desktop\democracy\src\main\scala\democracy\test.worksheet.sc. Using presentation compiler with project's scala-library version: 3.1.3
2022.07.17 21:55:20 INFO  time: evaluated worksheet 'test.worksheet.sc' in 7.05s
2022.07.17 21:56:11 WARN  no build target for: C:\Users\juanj\Desktop\democracy\src\main\scala\democracy\MajorityJudgement.scala
Exception in thread "pool-3-thread-1" java.lang.InterruptedException
	at scala.meta.internal.metals.FutureCancelToken.checkCanceled(FutureCancelToken.scala:29)
	at scala.meta.internal.pc.CompilerAccess.onCompilerJobQueue$$anonfun$1(CompilerAccess.scala:196)
	at scala.meta.internal.pc.CompilerJobQueue$Job.run(CompilerJobQueue.scala:152)
	at java.base/java.util.concurrent.ThreadPoolExecutor.runWorker(ThreadPoolExecutor.java:1136)
	at java.base/java.util.concurrent.ThreadPoolExecutor$Worker.run(ThreadPoolExecutor.java:635)
	at java.base/java.lang.Thread.run(Thread.java:833)
2022.07.17 21:56:16 INFO  time: evaluated worksheet 'test.worksheet.sc' in 1.43s
2022.07.17 21:56:53 INFO  time: evaluated worksheet 'test.worksheet.sc' in 1.43s
2022.07.17 21:56:54 INFO  time: evaluated worksheet 'test.worksheet.sc' in 1.17s
2022.07.17 21:56:55 INFO  time: evaluated worksheet 'test.worksheet.sc' in 0.94s
2022.07.17 21:59:15 WARN  no build target for: C:\Users\juanj\Desktop\democracy\src\main\scala\democracy\MajorityJudgement.scala
2022.07.17 21:59:32 INFO  time: evaluated worksheet 'test.worksheet.sc' in 1.04s
[31merror[39m: 
test.worksheet.sc:149 (mdoc generated code) 
 Found:    Iterable[Seq[App.this.Grade]]
Required: App.this.Grade
    val bestMedianGrade: Grade =gradesPerCandidate.values


2022.07.17 22:00:02 INFO  time: evaluated worksheet 'test.worksheet.sc' in 0.58s
[31merror[39m: 
test.worksheet.sc:149 (mdoc generated code) 
 Found:    Iterable[Seq[App.this.Grade]]
Required: App.this.Grade
    val bestMedianGrade: Grade =gradesPerCandidate.values


2022.07.17 22:00:04 INFO  time: evaluated worksheet 'test.worksheet.sc' in 0.47s
[31merror[39m: 
test.worksheet.sc:149 (mdoc generated code) 
 Found:    Iterable[Seq[App.this.Grade]]
Required: App.this.Grade
    val bestMedianGrade: Grade =gradesPerCandidate.values


2022.07.17 22:00:21 INFO  time: evaluated worksheet 'test.worksheet.sc' in 0.41s
[31merror[39m: src\main\scala\democracy\test.worksheet.sc:96:29: 
Found:    Iterable[Seq[App.this.Grade]]
Required: App.this.Grade
val bestMedianGrade: Grade =gradesPerCandidate.values
                            ^^^^^^^^^^^^^^^^^^^^^^^^^
2022.07.17 22:00:24 INFO  time: evaluated worksheet 'test.worksheet.sc' in 0.41s
2022.07.17 22:00:28 INFO  time: evaluated worksheet 'test.worksheet.sc' in 0.81s
2022.07.17 22:02:50 INFO  time: evaluated worksheet 'test.worksheet.sc' in 0.75s
Downloading https://repo1.maven.org/maven2/org/scalameta/scalafmt-core_2.13/3.5.3/scalafmt-core_2.13-3.5.3.pom
Downloaded https://repo1.maven.org/maven2/org/scalameta/scalafmt-core_2.13/3.5.3/scalafmt-core_2.13-3.5.3.pom
Downloading https://repo1.maven.org/maven2/org/scalameta/scalafmt-sysops_2.13/3.5.3/scalafmt-sysops_2.13-3.5.3.pom
Downloading https://repo1.maven.org/maven2/org/scalameta/scalameta_2.13/4.5.5/scalameta_2.13-4.5.5.pom
Downloading https://repo1.maven.org/maven2/org/scalameta/scalafmt-config_2.13/3.5.3/scalafmt-config_2.13-3.5.3.pom
Downloaded https://repo1.maven.org/maven2/org/scalameta/scalafmt-sysops_2.13/3.5.3/scalafmt-sysops_2.13-3.5.3.pom
Downloaded https://repo1.maven.org/maven2/org/scalameta/scalafmt-config_2.13/3.5.3/scalafmt-config_2.13-3.5.3.pom
Downloaded https://repo1.maven.org/maven2/org/scalameta/scalameta_2.13/4.5.5/scalameta_2.13-4.5.5.pom
Downloading https://repo1.maven.org/maven2/org/scalameta/parsers_2.13/4.5.5/parsers_2.13-4.5.5.pom
Downloaded https://repo1.maven.org/maven2/org/scalameta/parsers_2.13/4.5.5/parsers_2.13-4.5.5.pom
Downloading https://repo1.maven.org/maven2/org/scalameta/trees_2.13/4.5.5/trees_2.13-4.5.5.pom
Downloaded https://repo1.maven.org/maven2/org/scalameta/trees_2.13/4.5.5/trees_2.13-4.5.5.pom
Downloading https://repo1.maven.org/maven2/org/scalameta/common_2.13/4.5.5/common_2.13-4.5.5.pom
Downloaded https://repo1.maven.org/maven2/org/scalameta/common_2.13/4.5.5/common_2.13-4.5.5.pom
Downloading https://repo1.maven.org/maven2/org/scalameta/parsers_2.13/4.5.5/parsers_2.13-4.5.5.jar
Downloading https://repo1.maven.org/maven2/org/scalameta/scalameta_2.13/4.5.5/scalameta_2.13-4.5.5.jar
Downloading https://repo1.maven.org/maven2/org/scalameta/scalafmt-config_2.13/3.5.3/scalafmt-config_2.13-3.5.3.jar
Downloading https://repo1.maven.org/maven2/org/scalameta/common_2.13/4.5.5/common_2.13-4.5.5.jar
Downloading https://repo1.maven.org/maven2/org/scalameta/scalafmt-core_2.13/3.5.3/scalafmt-core_2.13-3.5.3.jar
Downloading https://repo1.maven.org/maven2/org/scalameta/trees_2.13/4.5.5/trees_2.13-4.5.5.jar
Downloaded https://repo1.maven.org/maven2/org/scalameta/scalafmt-config_2.13/3.5.3/scalafmt-config_2.13-3.5.3.jar
Downloading https://repo1.maven.org/maven2/org/scalameta/scalafmt-sysops_2.13/3.5.3/scalafmt-sysops_2.13-3.5.3.jar
Downloaded https://repo1.maven.org/maven2/org/scalameta/scalafmt-sysops_2.13/3.5.3/scalafmt-sysops_2.13-3.5.3.jar
Downloaded https://repo1.maven.org/maven2/org/scalameta/scalafmt-core_2.13/3.5.3/scalafmt-core_2.13-3.5.3.jar
Downloaded https://repo1.maven.org/maven2/org/scalameta/scalameta_2.13/4.5.5/scalameta_2.13-4.5.5.jar
Downloaded https://repo1.maven.org/maven2/org/scalameta/parsers_2.13/4.5.5/parsers_2.13-4.5.5.jar
Downloaded https://repo1.maven.org/maven2/org/scalameta/trees_2.13/4.5.5/trees_2.13-4.5.5.jar
Downloaded https://repo1.maven.org/maven2/org/scalameta/common_2.13/4.5.5/common_2.13-4.5.5.jar
2022.07.17 22:03:20 ERROR scalafmt: <input>:2: error: [dialect scala213] identifier expected but case found
  case Bad, Mediocre, Inadequate, Passable, Good, VeryGood, Excellent
  ^
2022.07.17 22:03:23 ERROR scalafmt: <input>:2: error: [dialect scala213] identifier expected but case found
  case Bad, Mediocre, Inadequate, Passable, Good, VeryGood, Excellent
  ^
2022.07.17 22:03:26 ERROR scalafmt: <input>:2: error: [dialect scala213] identifier expected but case found
  case Bad, Mediocre, Inadequate, Passable, Good, VeryGood, Excellent
  ^
jul. 17, 2022 10:03:31 P. M. org.eclipse.lsp4j.jsonrpc.services.GenericEndpoint notify
INFORMACIÓN: Unsupported notification method: $/setTrace
2022.07.17 22:03:34 ERROR scalafmt: <input>:2: error: [dialect scala213] identifier expected but case found
  case Bad, Mediocre, Inadequate, Passable, Good, VeryGood, Excellent
  ^
2022.07.17 22:03:47 INFO  time: evaluated worksheet 'test.worksheet.sc' in 0.85s
jul. 17, 2022 10:04:01 P. M. org.eclipse.lsp4j.jsonrpc.RemoteEndpoint handleCancellation
ADVERTENCIA: Unmatched cancel notification for request id 516
2022.07.17 22:04:09 WARN  no build target for: C:\Users\juanj\Desktop\democracy\src\main\scala\democracy\MajorityJudgement.scala
2022.07.17 22:04:13 WARN  no build target for: C:\Users\juanj\Desktop\democracy\src\main\scala\democracy\MajorityJudgement.scala
2022.07.17 22:04:13 WARN  no build target for: C:\Users\juanj\Desktop\democracy\src\main\scala\democracy\MajorityJudgement.scala
2022.07.17 22:04:16 INFO  time: evaluated worksheet 'test.worksheet.sc' in 0.71s
2022.07.17 22:04:24 INFO  time: evaluated worksheet 'test.worksheet.sc' in 0.71s
2022.07.17 22:04:27 INFO  time: evaluated worksheet 'test.worksheet.sc' in 0.7s
2022.07.17 22:04:30 WARN  no build target for: C:\Users\juanj\Desktop\democracy\src\main\scala\democracy\MajorityJudgement.scala
2022.07.17 22:04:51 WARN  no build target for: C:\Users\juanj\Desktop\democracy\src\main\scala\democracy\MajorityJudgement.scala
2022.07.17 22:05:06 INFO  time: evaluated worksheet 'test.worksheet.sc' in 0.65s
2022.07.17 22:05:45 INFO  time: evaluated worksheet 'test.worksheet.sc' in 0.68s
jul. 17, 2022 10:06:56 P. M. org.eclipse.lsp4j.jsonrpc.RemoteEndpoint fallbackResponseError
GRAVE: Internal error: java.lang.StringIndexOutOfBoundsException: begin 2493, end 2523, length 2518
java.util.concurrent.CompletionException: java.lang.StringIndexOutOfBoundsException: begin 2493, end 2523, length 2518
	at java.base/java.util.concurrent.CompletableFuture.encodeThrowable(CompletableFuture.java:332)
	at java.base/java.util.concurrent.CompletableFuture.completeThrowable(CompletableFuture.java:347)
	at java.base/java.util.concurrent.CompletableFuture$UniAccept.tryFire(CompletableFuture.java:708)
	at java.base/java.util.concurrent.CompletableFuture.postComplete(CompletableFuture.java:510)
	at java.base/java.util.concurrent.CompletableFuture.completeExceptionally(CompletableFuture.java:2162)
	at scala.meta.internal.metals.CancelTokens$.$anonfun$future$1(CancelTokens.scala:40)
	at scala.meta.internal.metals.CancelTokens$.$anonfun$future$1$adapted(CancelTokens.scala:38)
	at scala.concurrent.impl.Promise$Transformation.run(Promise.scala:484)
	at java.base/java.util.concurrent.ThreadPoolExecutor.runWorker(ThreadPoolExecutor.java:1136)
	at java.base/java.util.concurrent.ThreadPoolExecutor$Worker.run(ThreadPoolExecutor.java:635)
	at java.base/java.lang.Thread.run(Thread.java:833)
Caused by: java.lang.StringIndexOutOfBoundsException: begin 2493, end 2523, length 2518
	at java.base/java.lang.String.checkBoundsBeginEnd(String.java:4601)
	at java.base/java.lang.String.substring(String.java:2704)
	at scala.meta.internal.metals.codeactions.FlatMapToForComprehensionCodeAction.getIndentForPos(FlatMapToForComprehensionCodeAction.scala:577)
	at scala.meta.internal.metals.codeactions.FlatMapToForComprehensionCodeAction.$anonfun$contribute$4(FlatMapToForComprehensionCodeAction.scala:52)
	at scala.Option.map(Option.scala:242)
	at scala.meta.internal.metals.codeactions.FlatMapToForComprehensionCodeAction.$anonfun$contribute$3(FlatMapToForComprehensionCodeAction.scala:48)
	at scala.Option.flatMap(Option.scala:283)
	at scala.meta.internal.metals.codeactions.FlatMapToForComprehensionCodeAction.$anonfun$contribute$2(FlatMapToForComprehensionCodeAction.scala:47)
	at scala.Option.flatMap(Option.scala:283)
	at scala.meta.internal.metals.codeactions.FlatMapToForComprehensionCodeAction.$anonfun$contribute$1(FlatMapToForComprehensionCodeAction.scala:46)
	at scala.concurrent.Future$.$anonfun$apply$1(Future.scala:678)
	at scala.concurrent.impl.Promise$Transformation.run(Promise.scala:467)
	... 3 more

jul. 17, 2022 10:07:25 P. M. org.eclipse.lsp4j.jsonrpc.RemoteEndpoint fallbackResponseError
GRAVE: Internal error: java.lang.StringIndexOutOfBoundsException: begin 2493, end 2523, length 2518
java.util.concurrent.CompletionException: java.lang.StringIndexOutOfBoundsException: begin 2493, end 2523, length 2518
	at java.base/java.util.concurrent.CompletableFuture.encodeThrowable(CompletableFuture.java:332)
	at java.base/java.util.concurrent.CompletableFuture.completeThrowable(CompletableFuture.java:347)
	at java.base/java.util.concurrent.CompletableFuture$UniAccept.tryFire(CompletableFuture.java:708)
	at java.base/java.util.concurrent.CompletableFuture.postComplete(CompletableFuture.java:510)
	at java.base/java.util.concurrent.CompletableFuture.completeExceptionally(CompletableFuture.java:2162)
	at scala.meta.internal.metals.CancelTokens$.$anonfun$future$1(CancelTokens.scala:40)
	at scala.meta.internal.metals.CancelTokens$.$anonfun$future$1$adapted(CancelTokens.scala:38)
	at scala.concurrent.impl.Promise$Transformation.run(Promise.scala:484)
	at java.base/java.util.concurrent.ThreadPoolExecutor.runWorker(ThreadPoolExecutor.java:1136)
	at java.base/java.util.concurrent.ThreadPoolExecutor$Worker.run(ThreadPoolExecutor.java:635)
	at java.base/java.lang.Thread.run(Thread.java:833)
Caused by: java.lang.StringIndexOutOfBoundsException: begin 2493, end 2523, length 2518
	at java.base/java.lang.String.checkBoundsBeginEnd(String.java:4601)
	at java.base/java.lang.String.substring(String.java:2704)
	at scala.meta.internal.metals.codeactions.FlatMapToForComprehensionCodeAction.getIndentForPos(FlatMapToForComprehensionCodeAction.scala:577)
	at scala.meta.internal.metals.codeactions.FlatMapToForComprehensionCodeAction.$anonfun$contribute$4(FlatMapToForComprehensionCodeAction.scala:52)
	at scala.Option.map(Option.scala:242)
	at scala.meta.internal.metals.codeactions.FlatMapToForComprehensionCodeAction.$anonfun$contribute$3(FlatMapToForComprehensionCodeAction.scala:48)
	at scala.Option.flatMap(Option.scala:283)
	at scala.meta.internal.metals.codeactions.FlatMapToForComprehensionCodeAction.$anonfun$contribute$2(FlatMapToForComprehensionCodeAction.scala:47)
	at scala.Option.flatMap(Option.scala:283)
	at scala.meta.internal.metals.codeactions.FlatMapToForComprehensionCodeAction.$anonfun$contribute$1(FlatMapToForComprehensionCodeAction.scala:46)
	at scala.concurrent.Future$.$anonfun$apply$1(Future.scala:678)
	at scala.concurrent.impl.Promise$Transformation.run(Promise.scala:467)
	... 3 more

[31merror[39m: src\main\scala\democracy\test.worksheet.sc:103:24: identifier expected but outdent found
    gradesPerCandidate.
                       ^
2022.07.17 22:07:44 INFO  time: evaluated worksheet 'test.worksheet.sc' in 0.18s
[31merror[39m: src\main\scala\democracy\test.worksheet.sc:103:24: identifier expected but outdent found
    gradesPerCandidate.
                       ^
2022.07.17 22:07:46 INFO  time: evaluated worksheet 'test.worksheet.sc' in 0.14s
2022.07.17 22:08:03 WARN  no build target for: C:\Users\juanj\Desktop\democracy\src\main\scala\democracy\MajorityJudgement.scala
jul. 17, 2022 10:08:22 P. M. org.eclipse.lsp4j.jsonrpc.RemoteEndpoint fallbackResponseError
GRAVE: Internal error: java.lang.StringIndexOutOfBoundsException: begin 2493, end 2537, length 2516
java.util.concurrent.CompletionException: java.lang.StringIndexOutOfBoundsException: begin 2493, end 2537, length 2516
	at java.base/java.util.concurrent.CompletableFuture.encodeThrowable(CompletableFuture.java:332)
	at java.base/java.util.concurrent.CompletableFuture.completeThrowable(CompletableFuture.java:347)
	at java.base/java.util.concurrent.CompletableFuture$UniAccept.tryFire(CompletableFuture.java:708)
	at java.base/java.util.concurrent.CompletableFuture.postComplete(CompletableFuture.java:510)
	at java.base/java.util.concurrent.CompletableFuture.completeExceptionally(CompletableFuture.java:2162)
	at scala.meta.internal.metals.CancelTokens$.$anonfun$future$1(CancelTokens.scala:40)
	at scala.meta.internal.metals.CancelTokens$.$anonfun$future$1$adapted(CancelTokens.scala:38)
	at scala.concurrent.impl.Promise$Transformation.run(Promise.scala:484)
	at java.base/java.util.concurrent.ThreadPoolExecutor.runWorker(ThreadPoolExecutor.java:1136)
	at java.base/java.util.concurrent.ThreadPoolExecutor$Worker.run(ThreadPoolExecutor.java:635)
	at java.base/java.lang.Thread.run(Thread.java:833)
Caused by: java.lang.StringIndexOutOfBoundsException: begin 2493, end 2537, length 2516
	at java.base/java.lang.String.checkBoundsBeginEnd(String.java:4601)
	at java.base/java.lang.String.substring(String.java:2704)
	at scala.meta.internal.metals.codeactions.FlatMapToForComprehensionCodeAction.getIndentForPos(FlatMapToForComprehensionCodeAction.scala:577)
	at scala.meta.internal.metals.codeactions.FlatMapToForComprehensionCodeAction.$anonfun$contribute$4(FlatMapToForComprehensionCodeAction.scala:52)
	at scala.Option.map(Option.scala:242)
	at scala.meta.internal.metals.codeactions.FlatMapToForComprehensionCodeAction.$anonfun$contribute$3(FlatMapToForComprehensionCodeAction.scala:48)
	at scala.Option.flatMap(Option.scala:283)
	at scala.meta.internal.metals.codeactions.FlatMapToForComprehensionCodeAction.$anonfun$contribute$2(FlatMapToForComprehensionCodeAction.scala:47)
	at scala.Option.flatMap(Option.scala:283)
	at scala.meta.internal.metals.codeactions.FlatMapToForComprehensionCodeAction.$anonfun$contribute$1(FlatMapToForComprehensionCodeAction.scala:46)
	at scala.concurrent.Future$.$anonfun$apply$1(Future.scala:678)
	at scala.concurrent.impl.Promise$Transformation.run(Promise.scala:467)
	... 3 more

[31merror[39m: src\main\scala\democracy\test.worksheet.sc:105:1: identifier expected but end of file found

^
2022.07.17 22:08:24 INFO  time: evaluated worksheet 'test.worksheet.sc' in 0.18s
[31merror[39m: src\main\scala\democracy\test.worksheet.sc:104:2: ; expected but val found
/val bestCandidates: Map[Candidate, Seq[Grade]] =gradesPerCandidate.
 ^^^
2022.07.17 22:08:28 INFO  time: evaluated worksheet 'test.worksheet.sc' in 0.21s
2022.07.17 22:08:30 INFO  time: evaluated worksheet 'test.worksheet.sc' in 0.6s
2022.07.17 22:08:36 INFO  time: evaluated worksheet 'test.worksheet.sc' in 0.6s
2022.07.17 22:09:18 INFO  time: evaluated worksheet 'test.worksheet.sc' in 0.63s
2022.07.17 22:09:33 INFO  time: evaluated worksheet 'test.worksheet.sc' in 0.56s
jul. 17, 2022 10:09:44 P. M. org.eclipse.lsp4j.jsonrpc.RemoteEndpoint fallbackResponseError
GRAVE: Internal error: java.lang.reflect.InvocationTargetException
java.lang.RuntimeException: java.lang.reflect.InvocationTargetException
	at org.eclipse.lsp4j.jsonrpc.services.GenericEndpoint.lambda$null$0(GenericEndpoint.java:67)
	at org.eclipse.lsp4j.jsonrpc.services.GenericEndpoint.request(GenericEndpoint.java:120)
	at org.eclipse.lsp4j.jsonrpc.RemoteEndpoint.handleRequest(RemoteEndpoint.java:261)
	at org.eclipse.lsp4j.jsonrpc.RemoteEndpoint.consume(RemoteEndpoint.java:190)
	at org.eclipse.lsp4j.jsonrpc.json.StreamMessageProducer.handleMessage(StreamMessageProducer.java:194)
	at org.eclipse.lsp4j.jsonrpc.json.StreamMessageProducer.listen(StreamMessageProducer.java:94)
	at org.eclipse.lsp4j.jsonrpc.json.ConcurrentMessageProcessor.run(ConcurrentMessageProcessor.java:113)
	at java.base/java.util.concurrent.Executors$RunnableAdapter.call(Executors.java:539)
	at java.base/java.util.concurrent.FutureTask.run(FutureTask.java:264)
	at java.base/java.util.concurrent.ThreadPoolExecutor.runWorker(ThreadPoolExecutor.java:1136)
	at java.base/java.util.concurrent.ThreadPoolExecutor$Worker.run(ThreadPoolExecutor.java:635)
	at java.base/java.lang.Thread.run(Thread.java:833)
Caused by: java.lang.reflect.InvocationTargetException
	at jdk.internal.reflect.GeneratedMethodAccessor5.invoke(Unknown Source)
	at java.base/jdk.internal.reflect.DelegatingMethodAccessorImpl.invoke(DelegatingMethodAccessorImpl.java:43)
	at java.base/java.lang.reflect.Method.invoke(Method.java:568)
	at org.eclipse.lsp4j.jsonrpc.services.GenericEndpoint.lambda$null$0(GenericEndpoint.java:65)
	... 11 more
Caused by: java.lang.IllegalArgumentException: 102 is not a valid line number, allowed [0..101]
	at scala.meta.internal.inputs.InternalInput.lineToOffset(InternalInput.scala:37)
	at scala.meta.internal.inputs.InternalInput.lineToOffset$(InternalInput.scala:32)
	at scala.meta.inputs.Input$VirtualFile.lineToOffset(Input.scala:80)
	at scala.meta.inputs.Position$Range$.apply(Position.scala:59)
	at scala.meta.internal.mtags.MtagsEnrichments$XtensionPositionLspInverse.toMeta(MtagsEnrichments.scala:179)
	at scala.meta.internal.parsing.Trees.$anonfun$findLastEnclosingAt$4(Trees.scala:77)
	at scala.Option.flatMap(Option.scala:283)
	at scala.meta.internal.parsing.Trees.findLastEnclosingAt(Trees.scala:76)
	at scala.meta.internal.metals.codeactions.PatternMatchRefactor.contribute(PatternMatchRefactor.scala:96)
	at scala.meta.internal.metals.CodeActionProvider$$anonfun$1.applyOrElse(CodeActionProvider.scala:66)
	at scala.meta.internal.metals.CodeActionProvider$$anonfun$1.applyOrElse(CodeActionProvider.scala:65)
	at scala.collection.immutable.List.collect(List.scala:275)
	at scala.meta.internal.metals.CodeActionProvider.codeActions(CodeActionProvider.scala:65)
	at scala.meta.internal.metals.MetalsLanguageServer.$anonfun$codeAction$1(MetalsLanguageServer.scala:1652)
	at scala.meta.internal.metals.CancelTokens$.future(CancelTokens.scala:38)
	at scala.meta.internal.metals.MetalsLanguageServer.codeAction(MetalsLanguageServer.scala:1651)
	... 15 more

jul. 17, 2022 10:09:45 P. M. org.eclipse.lsp4j.jsonrpc.RemoteEndpoint fallbackResponseError
GRAVE: Internal error: java.lang.reflect.InvocationTargetException
java.lang.RuntimeException: java.lang.reflect.InvocationTargetException
	at org.eclipse.lsp4j.jsonrpc.services.GenericEndpoint.lambda$null$0(GenericEndpoint.java:67)
	at org.eclipse.lsp4j.jsonrpc.services.GenericEndpoint.request(GenericEndpoint.java:120)
	at org.eclipse.lsp4j.jsonrpc.RemoteEndpoint.handleRequest(RemoteEndpoint.java:261)
	at org.eclipse.lsp4j.jsonrpc.RemoteEndpoint.consume(RemoteEndpoint.java:190)
	at org.eclipse.lsp4j.jsonrpc.json.StreamMessageProducer.handleMessage(StreamMessageProducer.java:194)
	at org.eclipse.lsp4j.jsonrpc.json.StreamMessageProducer.listen(StreamMessageProducer.java:94)
	at org.eclipse.lsp4j.jsonrpc.json.ConcurrentMessageProcessor.run(ConcurrentMessageProcessor.java:113)
	at java.base/java.util.concurrent.Executors$RunnableAdapter.call(Executors.java:539)
	at java.base/java.util.concurrent.FutureTask.run(FutureTask.java:264)
	at java.base/java.util.concurrent.ThreadPoolExecutor.runWorker(ThreadPoolExecutor.java:1136)
	at java.base/java.util.concurrent.ThreadPoolExecutor$Worker.run(ThreadPoolExecutor.java:635)
	at java.base/java.lang.Thread.run(Thread.java:833)
Caused by: java.lang.reflect.InvocationTargetException
	at jdk.internal.reflect.GeneratedMethodAccessor5.invoke(Unknown Source)
	at java.base/jdk.internal.reflect.DelegatingMethodAccessorImpl.invoke(DelegatingMethodAccessorImpl.java:43)
	at java.base/java.lang.reflect.Method.invoke(Method.java:568)
	at org.eclipse.lsp4j.jsonrpc.services.GenericEndpoint.lambda$null$0(GenericEndpoint.java:65)
	... 11 more
Caused by: java.lang.IllegalArgumentException: 102 is not a valid line number, allowed [0..101]
	at scala.meta.internal.inputs.InternalInput.lineToOffset(InternalInput.scala:37)
	at scala.meta.internal.inputs.InternalInput.lineToOffset$(InternalInput.scala:32)
	at scala.meta.inputs.Input$VirtualFile.lineToOffset(Input.scala:80)
	at scala.meta.inputs.Position$Range$.apply(Position.scala:59)
	at scala.meta.internal.mtags.MtagsEnrichments$XtensionPositionLspInverse.toMeta(MtagsEnrichments.scala:179)
	at scala.meta.internal.parsing.Trees.$anonfun$findLastEnclosingAt$4(Trees.scala:77)
	at scala.Option.flatMap(Option.scala:283)
	at scala.meta.internal.parsing.Trees.findLastEnclosingAt(Trees.scala:76)
	at scala.meta.internal.metals.codeactions.PatternMatchRefactor.contribute(PatternMatchRefactor.scala:96)
	at scala.meta.internal.metals.CodeActionProvider$$anonfun$1.applyOrElse(CodeActionProvider.scala:66)
	at scala.meta.internal.metals.CodeActionProvider$$anonfun$1.applyOrElse(CodeActionProvider.scala:65)
	at scala.collection.immutable.List.collect(List.scala:275)
	at scala.meta.internal.metals.CodeActionProvider.codeActions(CodeActionProvider.scala:65)
	at scala.meta.internal.metals.MetalsLanguageServer.$anonfun$codeAction$1(MetalsLanguageServer.scala:1652)
	at scala.meta.internal.metals.CancelTokens$.future(CancelTokens.scala:38)
	at scala.meta.internal.metals.MetalsLanguageServer.codeAction(MetalsLanguageServer.scala:1651)
	... 15 more

jul. 17, 2022 10:09:46 P. M. org.eclipse.lsp4j.jsonrpc.RemoteEndpoint fallbackResponseError
GRAVE: Internal error: java.lang.reflect.InvocationTargetException
java.lang.RuntimeException: java.lang.reflect.InvocationTargetException
	at org.eclipse.lsp4j.jsonrpc.services.GenericEndpoint.lambda$null$0(GenericEndpoint.java:67)
	at org.eclipse.lsp4j.jsonrpc.services.GenericEndpoint.request(GenericEndpoint.java:120)
	at org.eclipse.lsp4j.jsonrpc.RemoteEndpoint.handleRequest(RemoteEndpoint.java:261)
	at org.eclipse.lsp4j.jsonrpc.RemoteEndpoint.consume(RemoteEndpoint.java:190)
	at org.eclipse.lsp4j.jsonrpc.json.StreamMessageProducer.handleMessage(StreamMessageProducer.java:194)
	at org.eclipse.lsp4j.jsonrpc.json.StreamMessageProducer.listen(StreamMessageProducer.java:94)
	at org.eclipse.lsp4j.jsonrpc.json.ConcurrentMessageProcessor.run(ConcurrentMessageProcessor.java:113)
	at java.base/java.util.concurrent.Executors$RunnableAdapter.call(Executors.java:539)
	at java.base/java.util.concurrent.FutureTask.run(FutureTask.java:264)
	at java.base/java.util.concurrent.ThreadPoolExecutor.runWorker(ThreadPoolExecutor.java:1136)
	at java.base/java.util.concurrent.ThreadPoolExecutor$Worker.run(ThreadPoolExecutor.java:635)
	at java.base/java.lang.Thread.run(Thread.java:833)
Caused by: java.lang.reflect.InvocationTargetException
	at jdk.internal.reflect.GeneratedMethodAccessor5.invoke(Unknown Source)
	at java.base/jdk.internal.reflect.DelegatingMethodAccessorImpl.invoke(DelegatingMethodAccessorImpl.java:43)
	at java.base/java.lang.reflect.Method.invoke(Method.java:568)
	at org.eclipse.lsp4j.jsonrpc.services.GenericEndpoint.lambda$null$0(GenericEndpoint.java:65)
	... 11 more
Caused by: java.lang.IllegalArgumentException: 102 is not a valid line number, allowed [0..101]
	at scala.meta.internal.inputs.InternalInput.lineToOffset(InternalInput.scala:37)
	at scala.meta.internal.inputs.InternalInput.lineToOffset$(InternalInput.scala:32)
	at scala.meta.inputs.Input$VirtualFile.lineToOffset(Input.scala:80)
	at scala.meta.inputs.Position$Range$.apply(Position.scala:59)
	at scala.meta.internal.mtags.MtagsEnrichments$XtensionPositionLspInverse.toMeta(MtagsEnrichments.scala:179)
	at scala.meta.internal.parsing.Trees.$anonfun$findLastEnclosingAt$4(Trees.scala:77)
	at scala.Option.flatMap(Option.scala:283)
	at scala.meta.internal.parsing.Trees.findLastEnclosingAt(Trees.scala:76)
	at scala.meta.internal.metals.codeactions.PatternMatchRefactor.contribute(PatternMatchRefactor.scala:96)
	at scala.meta.internal.metals.CodeActionProvider$$anonfun$1.applyOrElse(CodeActionProvider.scala:66)
	at scala.meta.internal.metals.CodeActionProvider$$anonfun$1.applyOrElse(CodeActionProvider.scala:65)
	at scala.collection.immutable.List.collect(List.scala:275)
	at scala.meta.internal.metals.CodeActionProvider.codeActions(CodeActionProvider.scala:65)
	at scala.meta.internal.metals.MetalsLanguageServer.$anonfun$codeAction$1(MetalsLanguageServer.scala:1652)
	at scala.meta.internal.metals.CancelTokens$.future(CancelTokens.scala:38)
	at scala.meta.internal.metals.MetalsLanguageServer.codeAction(MetalsLanguageServer.scala:1651)
	... 15 more

[31merror[39m: src\main\scala\democracy\test.worksheet.sc:105:1: 
Found:    Map[App.this.Candidate, App.this.Grade]
Required: Map[App.this.Candidate, Seq[App.this.Grade]]
gradesPerCandidate.map(candidateGrades =>
^
2022.07.17 22:09:47 INFO  time: evaluated worksheet 'test.worksheet.sc' in 0.31s
[31merror[39m: src\main\scala\democracy\test.worksheet.sc:102:1: 
missing argument for parameter pred of method filter in trait IterableOps: (pred: ((App.this.Candidate, App.this.Grade)) => Boolean): 
  Map[App.this.Candidate, App.this.Grade @uncheckedVariance]
gradesPerCandidate.map(candidateGrades =>
^
2022.07.17 22:10:09 INFO  time: evaluated worksheet 'test.worksheet.sc' in 0.33s
2022.07.17 22:10:14 INFO  time: evaluated worksheet 'test.worksheet.sc' in 0.59s
[31merror[39m: src\main\scala\democracy\test.worksheet.sc:105:49: 
Found:    Map[App.this.Candidate, App.this.Grade]
Required: Map[App.this.Candidate, Seq[App.this.Grade]]
val bestCandidates: Map[Candidate, Seq[Grade]] =gradesPerCandidate.map(candidateGrades =>
                                                ^
2022.07.17 22:10:21 INFO  time: evaluated worksheet 'test.worksheet.sc' in 0.31s
[31merror[39m: src\main\scala\democracy\test.worksheet.sc:104:49: 
Found:    Map[App.this.Candidate, App.this.Grade]
Required: Map[App.this.Candidate, Seq[App.this.Grade]]
val bestCandidates: Map[Candidate, Seq[Grade]] =gradesPerCandidate.map(candidateGrades =>
                                                ^
2022.07.17 22:10:31 INFO  time: evaluated worksheet 'test.worksheet.sc' in 0.33s
[31merror[39m: src\main\scala\democracy\test.worksheet.sc:104:49: 
Found:    Map[App.this.Candidate, App.this.Grade]
Required: Map[App.this.Candidate, Seq[App.this.Grade]]
val bestCandidates: Map[Candidate, Seq[Grade]] =gradesPerCandidate.map(candidateGrades =>(candidateGrades._1, median(candidateGrades._2))).filter(_._2 == bestMedianGrade)
                                                ^^^^^^^^^^^^^^^^^^^^^^^^^^^^^^^^^^^^^^^^^^^^^^^^^^^^^^^^^^^^^^^^^^^^^^^^^^^^^^^^^^^^^^^^^^^^^^^^^^^^^^^^^^^^^^^^^^^^^^^^^^
2022.07.17 22:10:38 INFO  time: evaluated worksheet 'test.worksheet.sc' in 0.27s
2022.07.17 22:11:42 INFO  time: evaluated worksheet 'test.worksheet.sc' in 0.52s
[31merror[39m: src\main\scala\democracy\test.worksheet.sc:104:49: 
None of the overloaded alternatives of method map in trait IterableOps with types
 [B]
  (f: ((App.this.Candidate, Seq[App.this.Grade])) => B): 
    scala.collection.immutable.Iterable[B]
 [K2, V2]
  (f: ((App.this.Candidate, Seq[App.this.Grade])) => (K2, V2)): Map[K2, V2]
match expected type Map[App.this.Candidate, Seq[App.this.Grade]]
val bestCandidates: Map[Candidate, Seq[Grade]] =gradesPerCandidate.map
                                                ^^^^^^^^^^^^^^^^^^^^^^
[31merror[39m: src\main\scala\democracy\test.worksheet.sc:105:2: 
Missing parameter type

I could not infer the type of the parameter candidateGrade.
(candidateGrade=>(candidateGrade._1,median(candidateGrade._2).filter(_==bestMedianGrade)))
 ^^^^^^^^^^^^^^
[31merror[39m: src\main\scala\democracy\test.worksheet.sc:105:37: 
value filter is not a member of App.this.Grade
(candidateGrade=>(candidateGrade._1,median(candidateGrade._2).filter(_==bestMedianGrade)))
                                    ^^^^^^^^^^^^^^^^^^^^^^^^^^^^^^^^
[31merror[39m: 
test.worksheet.sc:167 (mdoc generated code) 
 Found:    (App.this.res12 : 
  <error Missing parameter type

I could not infer the type of the parameter candidateGrade.>
 => (Nothing, Nothing))
Required: mdoc.internal.sourcecode.SourceStatement[Nothing]
    $doc.binder(res12, 104, 0, 104, 90);


2022.07.17 22:12:29 INFO  time: evaluated worksheet 'test.worksheet.sc' in 0.38s
[31merror[39m: src\main\scala\democracy\test.worksheet.sc:106:1: ) expected but end of file found

^
2022.07.17 22:12:30 INFO  time: evaluated worksheet 'test.worksheet.sc' in 0.16s
[31merror[39m: src\main\scala\democracy\test.worksheet.sc:105:91: ; expected but ) found
(candidateGrade=>(candidateGrade._1,median(candidateGrade._2)).filter(_==bestMedianGrade)))
                                                                                          ^
2022.07.17 22:12:47 INFO  time: evaluated worksheet 'test.worksheet.sc' in 0.12s
[31merror[39m: src\main\scala\democracy\test.worksheet.sc:104:49: 
None of the overloaded alternatives of method map in trait IterableOps with types
 [B]
  (f: ((App.this.Candidate, Seq[App.this.Grade])) => B): 
    scala.collection.immutable.Iterable[B]
 [K2, V2]
  (f: ((App.this.Candidate, Seq[App.this.Grade])) => (K2, V2)): Map[K2, V2]
match expected type Map[App.this.Candidate, Seq[App.this.Grade]]
val bestCandidates: Map[Candidate, Seq[Grade]] =gradesPerCandidate.map
                                                ^^^^^^^^^^^^^^^^^^^^^^
[31merror[39m: src\main\scala\democracy\test.worksheet.sc:105:2: 
Missing parameter type

I could not infer the type of the parameter candidateGrade.
(candidateGrade=>(candidateGrade._1,median(candidateGrade._2)).filter(_==bestMedianGrade))
 ^^^^^^^^^^^^^^
[31merror[39m: src\main\scala\democracy\test.worksheet.sc:105:18: 
value filter is not a member of (Nothing, App.this.Grade)
(candidateGrade=>(candidateGrade._1,median(candidateGrade._2)).filter(_==bestMedianGrade))
                 ^^^^^^^^^^^^^^^^^^^^^^^^^^^^^^^^^^^^^^^^^^^^^^^^^^^^
[31merror[39m: 
test.worksheet.sc:167 (mdoc generated code) 
 Found:    (App.this.res12 : 
  <error Missing parameter type

I could not infer the type of the parameter candidateGrade.>
 => <error value filter is not a member of (Nothing, App.this.Grade)>)
Required: mdoc.internal.sourcecode.SourceStatement[Nothing]
    $doc.binder(res12, 104, 0, 104, 90);


2022.07.17 22:12:50 INFO  time: evaluated worksheet 'test.worksheet.sc' in 0.37s
[31merror[39m: src\main\scala\democracy\test.worksheet.sc:104:49: 
None of the overloaded alternatives of method map in trait IterableOps with types
 [B]
  (f: ((App.this.Candidate, Seq[App.this.Grade])) => B): 
    scala.collection.immutable.Iterable[B]
 [K2, V2]
  (f: ((App.this.Candidate, Seq[App.this.Grade])) => (K2, V2)): Map[K2, V2]
match expected type Map[App.this.Candidate, Seq[App.this.Grade]]
val bestCandidates: Map[Candidate, Seq[Grade]] =gradesPerCandidate.map
                                                ^^^^^^^^^^^^^^^^^^^^^^
[31merror[39m: src\main\scala\democracy\test.worksheet.sc:105:2: 
Missing parameter type

I could not infer the type of the parameter candidateGrade.
(candidateGrade=>(candidateGrade._1,median(candidateGrade._2)).filter(_==bestMedianGrade))
 ^^^^^^^^^^^^^^
[31merror[39m: src\main\scala\democracy\test.worksheet.sc:105:18: 
value filter is not a member of (Nothing, App.this.Grade)
(candidateGrade=>(candidateGrade._1,median(candidateGrade._2)).filter(_==bestMedianGrade))
                 ^^^^^^^^^^^^^^^^^^^^^^^^^^^^^^^^^^^^^^^^^^^^^^^^^^^^
[31merror[39m: 
test.worksheet.sc:167 (mdoc generated code) 
 Found:    (App.this.res12 : 
  <error Missing parameter type

I could not infer the type of the parameter candidateGrade.>
 => <error value filter is not a member of (Nothing, App.this.Grade)>)
Required: mdoc.internal.sourcecode.SourceStatement[Nothing]
    $doc.binder(res12, 104, 0, 104, 90);


2022.07.17 22:12:54 INFO  time: evaluated worksheet 'test.worksheet.sc' in 0.3s
jul. 17, 2022 10:13:01 P. M. org.eclipse.lsp4j.jsonrpc.RemoteEndpoint fallbackResponseError
GRAVE: Internal error: java.lang.StringIndexOutOfBoundsException: begin 2519, end 2562, length 2557
java.util.concurrent.CompletionException: java.lang.StringIndexOutOfBoundsException: begin 2519, end 2562, length 2557
	at java.base/java.util.concurrent.CompletableFuture.encodeThrowable(CompletableFuture.java:332)
	at java.base/java.util.concurrent.CompletableFuture.completeThrowable(CompletableFuture.java:347)
	at java.base/java.util.concurrent.CompletableFuture$UniAccept.tryFire(CompletableFuture.java:708)
	at java.base/java.util.concurrent.CompletableFuture.postComplete(CompletableFuture.java:510)
	at java.base/java.util.concurrent.CompletableFuture.completeExceptionally(CompletableFuture.java:2162)
	at scala.meta.internal.metals.CancelTokens$.$anonfun$future$1(CancelTokens.scala:40)
	at scala.meta.internal.metals.CancelTokens$.$anonfun$future$1$adapted(CancelTokens.scala:38)
	at scala.concurrent.impl.Promise$Transformation.run(Promise.scala:484)
	at java.base/java.util.concurrent.ThreadPoolExecutor.runWorker(ThreadPoolExecutor.java:1136)
	at java.base/java.util.concurrent.ThreadPoolExecutor$Worker.run(ThreadPoolExecutor.java:635)
	at java.base/java.lang.Thread.run(Thread.java:833)
Caused by: java.lang.StringIndexOutOfBoundsException: begin 2519, end 2562, length 2557
	at java.base/java.lang.String.checkBoundsBeginEnd(String.java:4601)
	at java.base/java.lang.String.substring(String.java:2704)
	at scala.meta.internal.metals.codeactions.FlatMapToForComprehensionCodeAction.getIndentForPos(FlatMapToForComprehensionCodeAction.scala:577)
	at scala.meta.internal.metals.codeactions.FlatMapToForComprehensionCodeAction.$anonfun$contribute$4(FlatMapToForComprehensionCodeAction.scala:52)
	at scala.Option.map(Option.scala:242)
	at scala.meta.internal.metals.codeactions.FlatMapToForComprehensionCodeAction.$anonfun$contribute$3(FlatMapToForComprehensionCodeAction.scala:48)
	at scala.Option.flatMap(Option.scala:283)
	at scala.meta.internal.metals.codeactions.FlatMapToForComprehensionCodeAction.$anonfun$contribute$2(FlatMapToForComprehensionCodeAction.scala:47)
	at scala.Option.flatMap(Option.scala:283)
	at scala.meta.internal.metals.codeactions.FlatMapToForComprehensionCodeAction.$anonfun$contribute$1(FlatMapToForComprehensionCodeAction.scala:46)
	at scala.concurrent.Future$.$anonfun$apply$1(Future.scala:678)
	at scala.concurrent.impl.Promise$Transformation.run(Promise.scala:467)
	... 3 more

[31merror[39m: src\main\scala\democracy\test.worksheet.sc:104:49: 
None of the overloaded alternatives of method map in trait IterableOps with types
 [B]
  (f: ((App.this.Candidate, Seq[App.this.Grade])) => B): 
    scala.collection.immutable.Iterable[B]
 [K2, V2]
  (f: ((App.this.Candidate, Seq[App.this.Grade])) => (K2, V2)): Map[K2, V2]
match expected type Map[App.this.Candidate, Seq[App.this.Grade]]
val bestCandidates: Map[Candidate, Seq[Grade]] =gradesPerCandidate.map
                                                ^^^^^^^^^^^^^^^^^^^^^^
[31merror[39m: src\main\scala\democracy\test.worksheet.sc:105:2: 
Missing parameter type

I could not infer the type of the parameter candidateGrade.
(candidateGrade=>(candidateGrade._1, candidateGrade._2.filter(_==bestMedianGrade)))
 ^^^^^^^^^^^^^^
[31merror[39m: 
test.worksheet.sc:167 (mdoc generated code) 
 Found:    (App.this.res12 : 
  <error Missing parameter type

I could not infer the type of the parameter candidateGrade.>
 => (Nothing, Nothing))
Required: mdoc.internal.sourcecode.SourceStatement[Nothing]
    $doc.binder(res12, 104, 0, 104, 83);


2022.07.17 22:13:03 INFO  time: evaluated worksheet 'test.worksheet.sc' in 0.39s
[31merror[39m: src\main\scala\democracy\test.worksheet.sc:105:44: expected =>> or =>
val bestCandidates: Map[Candidate, [Grade] =gradesPerCandidate.
                                           ^
2022.07.17 22:13:21 INFO  time: evaluated worksheet 'test.worksheet.sc' in 0.13s
[31merror[39m: src\main\scala\democracy\test.worksheet.sc:105:42: ] expected but = found
val bestCandidates: Map[Candidate, Grade =gradesPerCandidate.
                                         ^
2022.07.17 22:13:24 INFO  time: evaluated worksheet 'test.worksheet.sc' in 0.12s
[31merror[39m: src\main\scala\democracy\test.worksheet.sc:105:42: ] expected but = found
val bestCandidates: Map[Candidate, Grade =gradesPerCandidate.map(candidateGrades =>
                                         ^
2022.07.17 22:13:28 INFO  time: evaluated worksheet 'test.worksheet.sc' in 0.11s
jul. 17, 2022 10:13:30 P. M. org.eclipse.lsp4j.jsonrpc.RemoteEndpoint handleCancellation
ADVERTENCIA: Unmatched cancel notification for request id 1461
2022.07.17 22:13:34 INFO  time: evaluated worksheet 'test.worksheet.sc' in 0.5s
[31merror[39m: src\main\scala\democracy\test.worksheet.sc:105:42: ] expected but = found
val bestCandidates: Map[Candidate, Grade =gradesPerCandidate.map(candidateGrades =>
                                         ^
2022.07.17 22:13:40 INFO  time: evaluated worksheet 'test.worksheet.sc' in 0.16s
2022.07.17 22:13:50 INFO  time: evaluated worksheet 'test.worksheet.sc' in 0.49s
2022.07.17 22:13:53 WARN  no build target for: C:\Users\juanj\Desktop\democracy\src\main\scala\democracy\MajorityJudgement.scala
2022.07.17 22:13:57 INFO  time: evaluated worksheet 'test.worksheet.sc' in 0.51s
2022.07.17 22:14:06 INFO  time: evaluated worksheet 'test.worksheet.sc' in 0.53s
2022.07.17 22:14:19 INFO  time: evaluated worksheet 'test.worksheet.sc' in 0.52s
2022.07.17 22:14:22 WARN  no build target for: C:\Users\juanj\Desktop\democracy\src\main\scala\democracy\MajorityJudgement.scala
2022.07.17 22:15:37 INFO  time: evaluated worksheet 'test.worksheet.sc' in 0.51s
2022.07.17 22:16:16 WARN  no build target for: C:\Users\juanj\Desktop\democracy\src\main\scala\democracy\MajorityJudgement.scala
2022.07.17 22:16:17 WARN  no build target for: C:\Users\juanj\Desktop\democracy\src\main\scala\democracy\MajorityJudgement.scala
2022.07.17 22:16:18 WARN  no build target for: C:\Users\juanj\Desktop\democracy\src\main\scala\democracy\MajorityJudgement.scala
[31merror[39m: src\main\scala\democracy\test.worksheet.sc:109:3: 
Found:    (App.this.Candidate, Seq[App.this.Grade])
Required: Map[App.this.Candidate, Seq[App.this.Grade]]
  bestCandidates.head
  ^^^^^^^^^^^^^^^^^^^
2022.07.17 22:16:28 INFO  time: evaluated worksheet 'test.worksheet.sc' in 0.28s
[31merror[39m: src\main\scala\democracy\test.worksheet.sc:109:3: 
Found:    (App.this.Candidate, Seq[App.this.Grade])
Required: Map[App.this.Candidate, Seq[App.this.Grade]]
  bestCandidates.head
  ^^^^^^^^^^^^^^^^^^^
2022.07.17 22:16:33 INFO  time: evaluated worksheet 'test.worksheet.sc' in 0.32s
[31merror[39m: src\main\scala\democracy\test.worksheet.sc:109:3: 
Found:    App.this.Candidate
Required: Map[App.this.Candidate, Seq[App.this.Grade]]
  bestCandidates.head._1
  ^^^^^^^^^^^^^^^^^^^^^^
2022.07.17 22:16:34 INFO  time: evaluated worksheet 'test.worksheet.sc' in 0.31s
2022.07.17 22:16:38 INFO  time: evaluated worksheet 'test.worksheet.sc' in 0.51s
2022.07.17 22:16:41 INFO  time: evaluated worksheet 'test.worksheet.sc' in 0.54s
2022.07.17 22:16:48 INFO  time: evaluated worksheet 'test.worksheet.sc' in 0.61s
2022.07.17 22:16:50 INFO  time: evaluated worksheet 'test.worksheet.sc' in 0.51s
2022.07.17 22:17:48 WARN  no build target for: C:\Users\juanj\Desktop\democracy\src\main\scala\democracy\MajorityJudgement.scala
2022.07.17 22:17:53 INFO  time: evaluated worksheet 'test.worksheet.sc' in 0.5s
[31merror[39m: src\main\scala\democracy\test.worksheet.sc:115:22: 
Found:    ((App.this.Candidate, Seq[App.this.Grade])) => Seq[App.this.Grade]
Required: ((App.this.Candidate, Seq[App.this.Grade])) => (App.this.Candidate, 
  Seq[App.this.Grade]
)
  bestCandidates.map(candidateGrade=>(candidateGrade._2.diff(Seq(bestMedianGrade))))
                     ^^^^^^^^^^^^^^^^^^^^^^^^^^^^^^^^^^^^^^^^^^^^^^^^^^^^^^^^^^^^^^
2022.07.17 22:20:03 INFO  time: evaluated worksheet 'test.worksheet.sc' in 0.28s
[31merror[39m: src\main\scala\democracy\test.worksheet.sc:115:22: 
Found:    ((App.this.Candidate, Seq[App.this.Grade])) => Seq[App.this.Grade]
Required: ((App.this.Candidate, Seq[App.this.Grade])) => (App.this.Candidate, 
  Seq[App.this.Grade]
)
  bestCandidates.map(candidateGrade=>candidateGrade._2.diff(Seq(bestMedianGrade)))
                     ^^^^^^^^^^^^^^^^^^^^^^^^^^^^^^^^^^^^^^^^^^^^^^^^^^^^^^^^^^^^
2022.07.17 22:20:24 INFO  time: evaluated worksheet 'test.worksheet.sc' in 0.33s
jul. 17, 2022 10:20:27 P. M. org.eclipse.lsp4j.jsonrpc.RemoteEndpoint fallbackResponseError
GRAVE: Internal error: java.lang.StringIndexOutOfBoundsException: begin 3022, end 3082, length 3061
java.util.concurrent.CompletionException: java.lang.StringIndexOutOfBoundsException: begin 3022, end 3082, length 3061
	at java.base/java.util.concurrent.CompletableFuture.encodeThrowable(CompletableFuture.java:332)
	at java.base/java.util.concurrent.CompletableFuture.completeThrowable(CompletableFuture.java:347)
	at java.base/java.util.concurrent.CompletableFuture$UniAccept.tryFire(CompletableFuture.java:708)
	at java.base/java.util.concurrent.CompletableFuture.postComplete(CompletableFuture.java:510)
	at java.base/java.util.concurrent.CompletableFuture.completeExceptionally(CompletableFuture.java:2162)
	at scala.meta.internal.metals.CancelTokens$.$anonfun$future$1(CancelTokens.scala:40)
	at scala.meta.internal.metals.CancelTokens$.$anonfun$future$1$adapted(CancelTokens.scala:38)
	at scala.concurrent.impl.Promise$Transformation.run(Promise.scala:484)
	at java.base/java.util.concurrent.ThreadPoolExecutor.runWorker(ThreadPoolExecutor.java:1136)
	at java.base/java.util.concurrent.ThreadPoolExecutor$Worker.run(ThreadPoolExecutor.java:635)
	at java.base/java.lang.Thread.run(Thread.java:833)
Caused by: java.lang.StringIndexOutOfBoundsException: begin 3022, end 3082, length 3061
	at java.base/java.lang.String.checkBoundsBeginEnd(String.java:4601)
	at java.base/java.lang.String.substring(String.java:2704)
	at scala.meta.internal.metals.codeactions.FlatMapToForComprehensionCodeAction.getIndentForPos(FlatMapToForComprehensionCodeAction.scala:577)
	at scala.meta.internal.metals.codeactions.FlatMapToForComprehensionCodeAction.$anonfun$contribute$4(FlatMapToForComprehensionCodeAction.scala:52)
	at scala.Option.map(Option.scala:242)
	at scala.meta.internal.metals.codeactions.FlatMapToForComprehensionCodeAction.$anonfun$contribute$3(FlatMapToForComprehensionCodeAction.scala:48)
	at scala.Option.flatMap(Option.scala:283)
	at scala.meta.internal.metals.codeactions.FlatMapToForComprehensionCodeAction.$anonfun$contribute$2(FlatMapToForComprehensionCodeAction.scala:47)
	at scala.Option.flatMap(Option.scala:283)
	at scala.meta.internal.metals.codeactions.FlatMapToForComprehensionCodeAction.$anonfun$contribute$1(FlatMapToForComprehensionCodeAction.scala:46)
	at scala.concurrent.Future$.$anonfun$apply$1(Future.scala:678)
	at scala.concurrent.impl.Promise$Transformation.run(Promise.scala:467)
	... 3 more

jul. 17, 2022 10:20:37 P. M. org.eclipse.lsp4j.jsonrpc.RemoteEndpoint fallbackResponseError
GRAVE: Internal error: java.lang.StringIndexOutOfBoundsException: begin 3022, end 3082, length 3063
java.util.concurrent.CompletionException: java.lang.StringIndexOutOfBoundsException: begin 3022, end 3082, length 3063
	at java.base/java.util.concurrent.CompletableFuture.encodeThrowable(CompletableFuture.java:332)
	at java.base/java.util.concurrent.CompletableFuture.completeThrowable(CompletableFuture.java:347)
	at java.base/java.util.concurrent.CompletableFuture$UniAccept.tryFire(CompletableFuture.java:708)
	at java.base/java.util.concurrent.CompletableFuture.postComplete(CompletableFuture.java:510)
	at java.base/java.util.concurrent.CompletableFuture.completeExceptionally(CompletableFuture.java:2162)
	at scala.meta.internal.metals.CancelTokens$.$anonfun$future$1(CancelTokens.scala:40)
	at scala.meta.internal.metals.CancelTokens$.$anonfun$future$1$adapted(CancelTokens.scala:38)
	at scala.concurrent.impl.Promise$Transformation.run(Promise.scala:484)
	at java.base/java.util.concurrent.ThreadPoolExecutor.runWorker(ThreadPoolExecutor.java:1136)
	at java.base/java.util.concurrent.ThreadPoolExecutor$Worker.run(ThreadPoolExecutor.java:635)
	at java.base/java.lang.Thread.run(Thread.java:833)
Caused by: java.lang.StringIndexOutOfBoundsException: begin 3022, end 3082, length 3063
	at java.base/java.lang.String.checkBoundsBeginEnd(String.java:4601)
	at java.base/java.lang.String.substring(String.java:2704)
	at scala.meta.internal.metals.codeactions.FlatMapToForComprehensionCodeAction.getIndentForPos(FlatMapToForComprehensionCodeAction.scala:577)
	at scala.meta.internal.metals.codeactions.FlatMapToForComprehensionCodeAction.$anonfun$contribute$4(FlatMapToForComprehensionCodeAction.scala:52)
	at scala.Option.map(Option.scala:242)
	at scala.meta.internal.metals.codeactions.FlatMapToForComprehensionCodeAction.$anonfun$contribute$3(FlatMapToForComprehensionCodeAction.scala:48)
	at scala.Option.flatMap(Option.scala:283)
	at scala.meta.internal.metals.codeactions.FlatMapToForComprehensionCodeAction.$anonfun$contribute$2(FlatMapToForComprehensionCodeAction.scala:47)
	at scala.Option.flatMap(Option.scala:283)
	at scala.meta.internal.metals.codeactions.FlatMapToForComprehensionCodeAction.$anonfun$contribute$1(FlatMapToForComprehensionCodeAction.scala:46)
	at scala.concurrent.Future$.$anonfun$apply$1(Future.scala:678)
	at scala.concurrent.impl.Promise$Transformation.run(Promise.scala:467)
	... 3 more

jul. 17, 2022 10:20:38 P. M. org.eclipse.lsp4j.jsonrpc.RemoteEndpoint fallbackResponseError
GRAVE: Internal error: java.lang.StringIndexOutOfBoundsException: begin 3022, end 3082, length 3075
java.util.concurrent.CompletionException: java.lang.StringIndexOutOfBoundsException: begin 3022, end 3082, length 3075
	at java.base/java.util.concurrent.CompletableFuture.encodeThrowable(CompletableFuture.java:332)
	at java.base/java.util.concurrent.CompletableFuture.completeThrowable(CompletableFuture.java:347)
	at java.base/java.util.concurrent.CompletableFuture$UniAccept.tryFire(CompletableFuture.java:708)
	at java.base/java.util.concurrent.CompletableFuture.postComplete(CompletableFuture.java:510)
	at java.base/java.util.concurrent.CompletableFuture.completeExceptionally(CompletableFuture.java:2162)
	at scala.meta.internal.metals.CancelTokens$.$anonfun$future$1(CancelTokens.scala:40)
	at scala.meta.internal.metals.CancelTokens$.$anonfun$future$1$adapted(CancelTokens.scala:38)
	at scala.concurrent.impl.Promise$Transformation.run(Promise.scala:484)
	at java.base/java.util.concurrent.ThreadPoolExecutor.runWorker(ThreadPoolExecutor.java:1136)
	at java.base/java.util.concurrent.ThreadPoolExecutor$Worker.run(ThreadPoolExecutor.java:635)
	at java.base/java.lang.Thread.run(Thread.java:833)
Caused by: java.lang.StringIndexOutOfBoundsException: begin 3022, end 3082, length 3075
	at java.base/java.lang.String.checkBoundsBeginEnd(String.java:4601)
	at java.base/java.lang.String.substring(String.java:2704)
	at scala.meta.internal.metals.codeactions.FlatMapToForComprehensionCodeAction.getIndentForPos(FlatMapToForComprehensionCodeAction.scala:577)
	at scala.meta.internal.metals.codeactions.FlatMapToForComprehensionCodeAction.$anonfun$contribute$4(FlatMapToForComprehensionCodeAction.scala:52)
	at scala.Option.map(Option.scala:242)
	at scala.meta.internal.metals.codeactions.FlatMapToForComprehensionCodeAction.$anonfun$contribute$3(FlatMapToForComprehensionCodeAction.scala:48)
	at scala.Option.flatMap(Option.scala:283)
	at scala.meta.internal.metals.codeactions.FlatMapToForComprehensionCodeAction.$anonfun$contribute$2(FlatMapToForComprehensionCodeAction.scala:47)
	at scala.Option.flatMap(Option.scala:283)
	at scala.meta.internal.metals.codeactions.FlatMapToForComprehensionCodeAction.$anonfun$contribute$1(FlatMapToForComprehensionCodeAction.scala:46)
	at scala.concurrent.Future$.$anonfun$apply$1(Future.scala:678)
	at scala.concurrent.impl.Promise$Transformation.run(Promise.scala:467)
	... 3 more

[31merror[39m: src\main\scala\democracy\test.worksheet.sc:116:1: ) expected but end of file found

^
2022.07.17 22:20:44 INFO  time: evaluated worksheet 'test.worksheet.sc' in 0.13s
2022.07.17 22:20:50 INFO  time: evaluated worksheet 'test.worksheet.sc' in 0.5s
[31merror[39m: src\main\scala\democracy\test.worksheet.sc:115:22: 
Found:    ((App.this.Candidate, Seq[App.this.Grade])) => Seq[App.this.Grade]
Required: ((App.this.Candidate, Seq[App.this.Grade])) => (App.this.Candidate, 
  Seq[App.this.Grade]
)
  bestCandidates.map(candidateGrade=>(candidateGrade._2.diff(Seq(bestMedianGrade))))
                     ^^^^^^^^^^^^^^^^^^^^^^^^^^^^^^^^^^^^^^^^^^^^^^^^^^^^^^^^^^^^^^
2022.07.17 22:21:00 INFO  time: evaluated worksheet 'test.worksheet.sc' in 0.34s
[31merror[39m: src\main\scala\democracy\test.worksheet.sc:115:39: 
Not found: canidateGrade
  bestCandidates.map(candidateGrade=>(canidateGrade._1,candidateGrade._2.diff(Seq(bestMedianGrade))))
                                      ^^^^^^^^^^^^^
2022.07.17 22:21:49 INFO  time: evaluated worksheet 'test.worksheet.sc' in 0.3s
2022.07.17 22:21:53 INFO  time: evaluated worksheet 'test.worksheet.sc' in 0.52s
2022.07.17 22:22:05 INFO  time: evaluated worksheet 'test.worksheet.sc' in 0.52s
2022.07.17 22:22:05 INFO  time: evaluated worksheet 'test.worksheet.sc' in 0.54s
2022.07.17 22:22:06 INFO  time: evaluated worksheet 'test.worksheet.sc' in 0.49s
2022.07.17 22:22:08 WARN  no build target for: C:\Users\juanj\Desktop\democracy\src\main\scala\democracy\MajorityJudgement.scala
2022.07.17 22:22:19 WARN  no build target for: C:\Users\juanj\Desktop\democracy\src\main\scala\democracy\MajorityJudgement.scala
2022.07.17 22:23:35 WARN  no build target for: C:\Users\juanj\Desktop\democracy\src\main\scala\democracy\MajorityJudgement.scala
2022.07.17 22:24:34 WARN  no build target for: C:\Users\juanj\Desktop\democracy\src\main\scala\democracy\MajorityJudgement.scala
2022.07.17 22:25:22 WARN  no build target for: C:\Users\juanj\Desktop\democracy\src\main\scala\democracy\MajorityJudgement.scala
2022.07.17 22:25:31 WARN  no build target for: C:\Users\juanj\Desktop\democracy\src\main\scala\democracy\MajorityJudgement.scala
2022.07.17 22:27:21 INFO  shutting down Metals
2022.07.17 22:27:52 INFO  tracing is disabled for protocol LSP, to enable tracing of incoming and outgoing JSON messages create an empty file at c:\Users\juanj\Desktop\democracy\.metals\lsp.trace.json or C:\Users\juanj\AppData\Local\scalameta\metals\cache\lsp.trace.json
2022.07.17 22:27:53 INFO  logging to file C:\Users\juanj\Desktop\democracy\.metals\metals.log
2022.07.17 22:27:53 INFO  Started: Metals version 0.11.7 in workspace 'C:\Users\juanj\Desktop\democracy' for client Visual Studio Code 1.69.1.
2022.07.17 22:27:53 INFO  time: initialize in 0.73s
2022.07.17 22:27:53 WARN  Flyway upgrade recommended: H2 2.1.214 is newer than this version of Flyway and support has not been tested. The latest supported version of H2 is 2.1.210.
2022.07.17 22:27:53 WARN  Build server is not auto-connectable.
2022.07.17 22:27:54 INFO  skipping build import with status 'Requested'
2022.07.17 22:27:56 WARN  no build target for: C:\Users\juanj\Desktop\democracy\src\main\scala\democracy\MajorityJudgement.scala
2022.07.17 22:27:59 INFO  no build target found for C:\Users\juanj\Desktop\democracy\src\main\scala\democracy\MajorityJudgement.scala. Using presentation compiler with project's scala-library version: 3.1.3
2022.07.17 22:28:03 INFO  time: code lens generation in 6.19s
2022.07.17 22:29:26 INFO  shutting down Metals
